2015-09-18 12:13:35,837 INFO  ScriptTools - begin
2015-09-18 12:13:35,846 INFO  ScriptTools - cli options [verbose = false, debug = false, test = false, help = false]
2015-09-18 12:13:35,871 FATAL ScriptTools - java.io.FileNotFoundException: D:\ws3\datain
	at org.codehaus.groovy.runtime.ResourceGroovyMethods.checkDir(ResourceGroovyMethods.java:1011)
	at org.codehaus.groovy.runtime.ResourceGroovyMethods.eachFileMatch(ResourceGroovyMethods.java:1380)
	at org.codehaus.groovy.runtime.dgm$793.invoke(Unknown Source)
	at org.codehaus.groovy.runtime.callsite.PojoMetaMethodSite$PojoMetaMethodSiteNoUnwrapNoCoerce.invoke(PojoMetaMethodSite.java:271)
	at org.codehaus.groovy.runtime.callsite.PojoMetaMethodSite.call(PojoMetaMethodSite.java:53)
	at org.codehaus.groovy.runtime.callsite.CallSiteArray.defaultCall(CallSiteArray.java:45)
	at org.codehaus.groovy.runtime.callsite.AbstractCallSite.call(AbstractCallSite.java:108)
	at org.codehaus.groovy.runtime.callsite.AbstractCallSite.call(AbstractCallSite.java:124)
	at Randy.runUserScript(Randy.groovy:25)
	at hds.groovy.ScriptWrapper.run(ScriptWrapper.groovy:27)
	at groovy.lang.GroovyShell.runScriptOrMainOrTestOrRunnable(GroovyShell.java:258)
	at groovy.lang.GroovyShell.run(GroovyShell.java:502)
	at groovy.lang.GroovyShell.run(GroovyShell.java:491)
	at groovy.ui.GroovyMain.processOnce(GroovyMain.java:650)
	at groovy.ui.GroovyMain.run(GroovyMain.java:381)
	at groovy.ui.GroovyMain.process(GroovyMain.java:367)
	at groovy.ui.GroovyMain.processArgs(GroovyMain.java:126)
	at groovy.ui.GroovyMain.main(GroovyMain.java:106)
	at sun.reflect.NativeMethodAccessorImpl.invoke0(Native Method)
	at sun.reflect.NativeMethodAccessorImpl.invoke(NativeMethodAccessorImpl.java:57)
	at sun.reflect.DelegatingMethodAccessorImpl.invoke(DelegatingMethodAccessorImpl.java:43)
	at java.lang.reflect.Method.invoke(Method.java:606)
	at org.codehaus.groovy.tools.GroovyStarter.rootLoader(GroovyStarter.java:106)
	at org.codehaus.groovy.tools.GroovyStarter.main(GroovyStarter.java:128)

2015-09-18 12:13:35,886 INFO  ScriptTools - end [0.662 seconds]
2015-09-18 12:14:39,448 INFO  ScriptTools - begin
2015-09-18 12:14:39,457 INFO  ScriptTools - cli options [verbose = false, debug = false, test = false, help = false]
2015-09-18 12:14:39,463 FATAL ScriptTools - groovy.lang.MissingPropertyException: No such property: scriptDir for class: hds.groovy.Env
Possible solutions: scriptFile
	at groovy.lang.MetaClassImpl.invokeStaticMissingProperty(MetaClassImpl.java:995)
	at groovy.lang.MetaClassImpl.getProperty(MetaClassImpl.java:1850)
	at groovy.lang.MetaClassImpl.getProperty(MetaClassImpl.java:1826)
	at groovy.lang.MetaClassImpl.getProperty(MetaClassImpl.java:3689)
	at org.codehaus.groovy.runtime.callsite.ClassMetaClassGetPropertySite.getProperty(ClassMetaClassGetPropertySite.java:48)
	at org.codehaus.groovy.runtime.callsite.AbstractCallSite.callGetProperty(AbstractCallSite.java:227)
	at Randy.runUserScript(Randy.groovy:17)
	at hds.groovy.ScriptWrapper.run(ScriptWrapper.groovy:27)
	at groovy.lang.GroovyShell.runScriptOrMainOrTestOrRunnable(GroovyShell.java:258)
	at groovy.lang.GroovyShell.run(GroovyShell.java:502)
	at groovy.lang.GroovyShell.run(GroovyShell.java:491)
	at groovy.ui.GroovyMain.processOnce(GroovyMain.java:650)
	at groovy.ui.GroovyMain.run(GroovyMain.java:381)
	at groovy.ui.GroovyMain.process(GroovyMain.java:367)
	at groovy.ui.GroovyMain.processArgs(GroovyMain.java:126)
	at groovy.ui.GroovyMain.main(GroovyMain.java:106)
	at sun.reflect.NativeMethodAccessorImpl.invoke0(Native Method)
	at sun.reflect.NativeMethodAccessorImpl.invoke(NativeMethodAccessorImpl.java:57)
	at sun.reflect.DelegatingMethodAccessorImpl.invoke(DelegatingMethodAccessorImpl.java:43)
	at java.lang.reflect.Method.invoke(Method.java:606)
	at org.codehaus.groovy.tools.GroovyStarter.rootLoader(GroovyStarter.java:106)
	at org.codehaus.groovy.tools.GroovyStarter.main(GroovyStarter.java:128)

2015-09-18 12:14:39,488 INFO  ScriptTools - end [0.603 seconds]
2015-09-18 12:15:12,833 INFO  ScriptTools - begin
2015-09-18 12:15:12,843 INFO  ScriptTools - cli options [verbose = false, debug = false, test = false, help = false]
2015-09-18 12:15:55,049 INFO  ScriptTools - begin
2015-09-18 12:15:55,056 INFO  ScriptTools - cli options [verbose = false, debug = false, test = false, help = false]
2015-09-18 12:16:27,130 INFO  ScriptTools - begin
2015-09-18 12:16:27,136 INFO  ScriptTools - cli options [verbose = false, debug = false, test = false, help = false]
2015-09-18 12:16:38,059 INFO  ScriptTools - begin
2015-09-18 12:16:38,065 INFO  ScriptTools - cli options [verbose = false, debug = false, test = false, help = false]
2015-09-18 12:16:38,623 INFO  ScriptTools - end [1.307 seconds]
2015-09-18 12:18:13,975 INFO  ScriptTools - begin
2015-09-18 12:18:13,982 INFO  ScriptTools - cli options [verbose = false, debug = false, test = false, help = false]
2015-09-18 12:18:14,376 FATAL ScriptTools - groovy.lang.MissingPropertyException: No such property: outfile for class: Randy
	at org.codehaus.groovy.runtime.ScriptBytecodeAdapter.unwrap(ScriptBytecodeAdapter.java:51)
	at org.codehaus.groovy.runtime.callsite.PogoGetPropertySite.getProperty(PogoGetPropertySite.java:49)
	at org.codehaus.groovy.runtime.callsite.AbstractCallSite.callGroovyObjectGetProperty(AbstractCallSite.java:231)
	at Randy$_runUserScript_closure1_closure2.doCall(Randy.groovy:28)
	at sun.reflect.NativeMethodAccessorImpl.invoke0(Native Method)
	at sun.reflect.NativeMethodAccessorImpl.invoke(NativeMethodAccessorImpl.java:57)
	at sun.reflect.DelegatingMethodAccessorImpl.invoke(DelegatingMethodAccessorImpl.java:43)
	at java.lang.reflect.Method.invoke(Method.java:606)
	at org.codehaus.groovy.reflection.CachedMethod.invoke(CachedMethod.java:90)
	at groovy.lang.MetaMethod.doMethodInvoke(MetaMethod.java:324)
	at org.codehaus.groovy.runtime.metaclass.ClosureMetaClass.invokeMethod(ClosureMetaClass.java:292)
	at groovy.lang.MetaClassImpl.invokeMethod(MetaClassImpl.java:1015)
	at org.codehaus.groovy.runtime.callsite.PogoMetaClassSite.call(PogoMetaClassSite.java:39)
	at org.codehaus.groovy.runtime.callsite.CallSiteArray.defaultCall(CallSiteArray.java:45)
	at org.codehaus.groovy.runtime.callsite.AbstractCallSite.call(AbstractCallSite.java:108)
	at org.codehaus.groovy.runtime.callsite.AbstractCallSite.call(AbstractCallSite.java:120)
	at ci.io.DataReader.summary(DataReader.groovy:101)
	at ci.io.DataReader$summary.call(Unknown Source)
	at org.codehaus.groovy.runtime.callsite.CallSiteArray.defaultCall(CallSiteArray.java:45)
	at org.codehaus.groovy.runtime.callsite.AbstractCallSite.call(AbstractCallSite.java:108)
	at org.codehaus.groovy.runtime.callsite.AbstractCallSite.call(AbstractCallSite.java:120)
	at Randy$_runUserScript_closure1.doCall(Randy.groovy:26)
	at sun.reflect.NativeMethodAccessorImpl.invoke0(Native Method)
	at sun.reflect.NativeMethodAccessorImpl.invoke(NativeMethodAccessorImpl.java:57)
	at sun.reflect.DelegatingMethodAccessorImpl.invoke(DelegatingMethodAccessorImpl.java:43)
	at java.lang.reflect.Method.invoke(Method.java:606)
	at org.codehaus.groovy.reflection.CachedMethod.invoke(CachedMethod.java:90)
	at groovy.lang.MetaMethod.doMethodInvoke(MetaMethod.java:324)
	at org.codehaus.groovy.runtime.metaclass.ClosureMetaClass.invokeMethod(ClosureMetaClass.java:292)
	at groovy.lang.MetaClassImpl.invokeMethod(MetaClassImpl.java:1015)
	at groovy.lang.Closure.call(Closure.java:423)
	at groovy.lang.Closure.call(Closure.java:439)
	at org.codehaus.groovy.runtime.ResourceGroovyMethods.eachFileMatch(ResourceGroovyMethods.java:1390)
	at org.codehaus.groovy.runtime.dgm$793.invoke(Unknown Source)
	at org.codehaus.groovy.runtime.callsite.PojoMetaMethodSite$PojoMetaMethodSiteNoUnwrapNoCoerce.invoke(PojoMetaMethodSite.java:271)
	at org.codehaus.groovy.runtime.callsite.PojoMetaMethodSite.call(PojoMetaMethodSite.java:53)
	at org.codehaus.groovy.runtime.callsite.CallSiteArray.defaultCall(CallSiteArray.java:45)
	at org.codehaus.groovy.runtime.callsite.AbstractCallSite.call(AbstractCallSite.java:108)
	at org.codehaus.groovy.runtime.callsite.AbstractCallSite.call(AbstractCallSite.java:124)
	at Randy.runUserScript(Randy.groovy:24)
	at hds.groovy.ScriptWrapper.run(ScriptWrapper.groovy:27)
	at groovy.lang.GroovyShell.runScriptOrMainOrTestOrRunnable(GroovyShell.java:258)
	at groovy.lang.GroovyShell.run(GroovyShell.java:502)
	at groovy.lang.GroovyShell.run(GroovyShell.java:491)
	at groovy.ui.GroovyMain.processOnce(GroovyMain.java:650)
	at groovy.ui.GroovyMain.run(GroovyMain.java:381)
	at groovy.ui.GroovyMain.process(GroovyMain.java:367)
	at groovy.ui.GroovyMain.processArgs(GroovyMain.java:126)
	at groovy.ui.GroovyMain.main(GroovyMain.java:106)
	at sun.reflect.NativeMethodAccessorImpl.invoke0(Native Method)
	at sun.reflect.NativeMethodAccessorImpl.invoke(NativeMethodAccessorImpl.java:57)
	at sun.reflect.DelegatingMethodAccessorImpl.invoke(DelegatingMethodAccessorImpl.java:43)
	at java.lang.reflect.Method.invoke(Method.java:606)
	at org.codehaus.groovy.tools.GroovyStarter.rootLoader(GroovyStarter.java:106)
	at org.codehaus.groovy.tools.GroovyStarter.main(GroovyStarter.java:128)

2015-09-18 12:18:14,389 INFO  ScriptTools - end [1.015 seconds]
2015-09-18 12:22:13,875 INFO  ScriptTools - begin
2015-09-18 12:22:13,883 INFO  ScriptTools - cli options [verbose = false, debug = false, test = false, help = false]
2015-09-18 12:22:14,262 FATAL ScriptTools - groovy.lang.MissingPropertyException: No such property: outfile for class: Randy
	at org.codehaus.groovy.runtime.ScriptBytecodeAdapter.unwrap(ScriptBytecodeAdapter.java:51)
	at org.codehaus.groovy.runtime.callsite.PogoGetPropertySite.getProperty(PogoGetPropertySite.java:49)
	at org.codehaus.groovy.runtime.callsite.AbstractCallSite.callGroovyObjectGetProperty(AbstractCallSite.java:231)
	at Randy$_runUserScript_closure1_closure2.doCall(Randy.groovy:28)
	at sun.reflect.NativeMethodAccessorImpl.invoke0(Native Method)
	at sun.reflect.NativeMethodAccessorImpl.invoke(NativeMethodAccessorImpl.java:57)
	at sun.reflect.DelegatingMethodAccessorImpl.invoke(DelegatingMethodAccessorImpl.java:43)
	at java.lang.reflect.Method.invoke(Method.java:606)
	at org.codehaus.groovy.reflection.CachedMethod.invoke(CachedMethod.java:90)
	at groovy.lang.MetaMethod.doMethodInvoke(MetaMethod.java:324)
	at org.codehaus.groovy.runtime.metaclass.ClosureMetaClass.invokeMethod(ClosureMetaClass.java:292)
	at groovy.lang.MetaClassImpl.invokeMethod(MetaClassImpl.java:1015)
	at org.codehaus.groovy.runtime.callsite.PogoMetaClassSite.call(PogoMetaClassSite.java:39)
	at org.codehaus.groovy.runtime.callsite.CallSiteArray.defaultCall(CallSiteArray.java:45)
	at org.codehaus.groovy.runtime.callsite.AbstractCallSite.call(AbstractCallSite.java:108)
	at org.codehaus.groovy.runtime.callsite.AbstractCallSite.call(AbstractCallSite.java:120)
	at ci.io.DataReader.summary(DataReader.groovy:101)
	at ci.io.DataReader$summary.call(Unknown Source)
	at org.codehaus.groovy.runtime.callsite.CallSiteArray.defaultCall(CallSiteArray.java:45)
	at org.codehaus.groovy.runtime.callsite.AbstractCallSite.call(AbstractCallSite.java:108)
	at org.codehaus.groovy.runtime.callsite.AbstractCallSite.call(AbstractCallSite.java:120)
	at Randy$_runUserScript_closure1.doCall(Randy.groovy:26)
	at sun.reflect.NativeMethodAccessorImpl.invoke0(Native Method)
	at sun.reflect.NativeMethodAccessorImpl.invoke(NativeMethodAccessorImpl.java:57)
	at sun.reflect.DelegatingMethodAccessorImpl.invoke(DelegatingMethodAccessorImpl.java:43)
	at java.lang.reflect.Method.invoke(Method.java:606)
	at org.codehaus.groovy.reflection.CachedMethod.invoke(CachedMethod.java:90)
	at groovy.lang.MetaMethod.doMethodInvoke(MetaMethod.java:324)
	at org.codehaus.groovy.runtime.metaclass.ClosureMetaClass.invokeMethod(ClosureMetaClass.java:292)
	at groovy.lang.MetaClassImpl.invokeMethod(MetaClassImpl.java:1015)
	at groovy.lang.Closure.call(Closure.java:423)
	at groovy.lang.Closure.call(Closure.java:439)
	at org.codehaus.groovy.runtime.ResourceGroovyMethods.eachFileMatch(ResourceGroovyMethods.java:1390)
	at org.codehaus.groovy.runtime.dgm$793.invoke(Unknown Source)
	at org.codehaus.groovy.runtime.callsite.PojoMetaMethodSite$PojoMetaMethodSiteNoUnwrapNoCoerce.invoke(PojoMetaMethodSite.java:271)
	at org.codehaus.groovy.runtime.callsite.PojoMetaMethodSite.call(PojoMetaMethodSite.java:53)
	at org.codehaus.groovy.runtime.callsite.CallSiteArray.defaultCall(CallSiteArray.java:45)
	at org.codehaus.groovy.runtime.callsite.AbstractCallSite.call(AbstractCallSite.java:108)
	at org.codehaus.groovy.runtime.callsite.AbstractCallSite.call(AbstractCallSite.java:124)
	at Randy.runUserScript(Randy.groovy:24)
	at hds.groovy.ScriptWrapper.run(ScriptWrapper.groovy:27)
	at groovy.lang.GroovyShell.runScriptOrMainOrTestOrRunnable(GroovyShell.java:258)
	at groovy.lang.GroovyShell.run(GroovyShell.java:502)
	at groovy.lang.GroovyShell.run(GroovyShell.java:491)
	at groovy.ui.GroovyMain.processOnce(GroovyMain.java:650)
	at groovy.ui.GroovyMain.run(GroovyMain.java:381)
	at groovy.ui.GroovyMain.process(GroovyMain.java:367)
	at groovy.ui.GroovyMain.processArgs(GroovyMain.java:126)
	at groovy.ui.GroovyMain.main(GroovyMain.java:106)
	at sun.reflect.NativeMethodAccessorImpl.invoke0(Native Method)
	at sun.reflect.NativeMethodAccessorImpl.invoke(NativeMethodAccessorImpl.java:57)
	at sun.reflect.DelegatingMethodAccessorImpl.invoke(DelegatingMethodAccessorImpl.java:43)
	at java.lang.reflect.Method.invoke(Method.java:606)
	at org.codehaus.groovy.tools.GroovyStarter.rootLoader(GroovyStarter.java:106)
	at org.codehaus.groovy.tools.GroovyStarter.main(GroovyStarter.java:128)

2015-09-18 12:22:14,278 INFO  ScriptTools - end [1.019 seconds]
2015-09-18 12:22:48,620 INFO  ScriptTools - begin
2015-09-18 12:22:48,626 INFO  ScriptTools - cli options [verbose = false, debug = false, test = false, help = false]
2015-09-18 12:22:49,020 FATAL ScriptTools - groovy.lang.MissingPropertyException: No such property: outfile for class: Randy
	at org.codehaus.groovy.runtime.ScriptBytecodeAdapter.unwrap(ScriptBytecodeAdapter.java:51)
	at org.codehaus.groovy.runtime.callsite.PogoGetPropertySite.getProperty(PogoGetPropertySite.java:49)
	at org.codehaus.groovy.runtime.callsite.AbstractCallSite.callGroovyObjectGetProperty(AbstractCallSite.java:231)
	at Randy$_runUserScript_closure1_closure2.doCall(Randy.groovy:28)
	at sun.reflect.NativeMethodAccessorImpl.invoke0(Native Method)
	at sun.reflect.NativeMethodAccessorImpl.invoke(NativeMethodAccessorImpl.java:57)
	at sun.reflect.DelegatingMethodAccessorImpl.invoke(DelegatingMethodAccessorImpl.java:43)
	at java.lang.reflect.Method.invoke(Method.java:606)
	at org.codehaus.groovy.reflection.CachedMethod.invoke(CachedMethod.java:90)
	at groovy.lang.MetaMethod.doMethodInvoke(MetaMethod.java:324)
	at org.codehaus.groovy.runtime.metaclass.ClosureMetaClass.invokeMethod(ClosureMetaClass.java:292)
	at groovy.lang.MetaClassImpl.invokeMethod(MetaClassImpl.java:1015)
	at org.codehaus.groovy.runtime.callsite.PogoMetaClassSite.call(PogoMetaClassSite.java:39)
	at org.codehaus.groovy.runtime.callsite.CallSiteArray.defaultCall(CallSiteArray.java:45)
	at org.codehaus.groovy.runtime.callsite.AbstractCallSite.call(AbstractCallSite.java:108)
	at org.codehaus.groovy.runtime.callsite.AbstractCallSite.call(AbstractCallSite.java:120)
	at ci.io.DataReader.summary(DataReader.groovy:101)
	at ci.io.DataReader$summary.call(Unknown Source)
	at org.codehaus.groovy.runtime.callsite.CallSiteArray.defaultCall(CallSiteArray.java:45)
	at org.codehaus.groovy.runtime.callsite.AbstractCallSite.call(AbstractCallSite.java:108)
	at org.codehaus.groovy.runtime.callsite.AbstractCallSite.call(AbstractCallSite.java:120)
	at Randy$_runUserScript_closure1.doCall(Randy.groovy:26)
	at sun.reflect.NativeMethodAccessorImpl.invoke0(Native Method)
	at sun.reflect.NativeMethodAccessorImpl.invoke(NativeMethodAccessorImpl.java:57)
	at sun.reflect.DelegatingMethodAccessorImpl.invoke(DelegatingMethodAccessorImpl.java:43)
	at java.lang.reflect.Method.invoke(Method.java:606)
	at org.codehaus.groovy.reflection.CachedMethod.invoke(CachedMethod.java:90)
	at groovy.lang.MetaMethod.doMethodInvoke(MetaMethod.java:324)
	at org.codehaus.groovy.runtime.metaclass.ClosureMetaClass.invokeMethod(ClosureMetaClass.java:292)
	at groovy.lang.MetaClassImpl.invokeMethod(MetaClassImpl.java:1015)
	at groovy.lang.Closure.call(Closure.java:423)
	at groovy.lang.Closure.call(Closure.java:439)
	at org.codehaus.groovy.runtime.ResourceGroovyMethods.eachFileMatch(ResourceGroovyMethods.java:1390)
	at org.codehaus.groovy.runtime.dgm$793.invoke(Unknown Source)
	at org.codehaus.groovy.runtime.callsite.PojoMetaMethodSite$PojoMetaMethodSiteNoUnwrapNoCoerce.invoke(PojoMetaMethodSite.java:271)
	at org.codehaus.groovy.runtime.callsite.PojoMetaMethodSite.call(PojoMetaMethodSite.java:53)
	at org.codehaus.groovy.runtime.callsite.CallSiteArray.defaultCall(CallSiteArray.java:45)
	at org.codehaus.groovy.runtime.callsite.AbstractCallSite.call(AbstractCallSite.java:108)
	at org.codehaus.groovy.runtime.callsite.AbstractCallSite.call(AbstractCallSite.java:124)
	at Randy.runUserScript(Randy.groovy:24)
	at hds.groovy.ScriptWrapper.run(ScriptWrapper.groovy:27)
	at groovy.lang.GroovyShell.runScriptOrMainOrTestOrRunnable(GroovyShell.java:258)
	at groovy.lang.GroovyShell.run(GroovyShell.java:502)
	at groovy.lang.GroovyShell.run(GroovyShell.java:491)
	at groovy.ui.GroovyMain.processOnce(GroovyMain.java:650)
	at groovy.ui.GroovyMain.run(GroovyMain.java:381)
	at groovy.ui.GroovyMain.process(GroovyMain.java:367)
	at groovy.ui.GroovyMain.processArgs(GroovyMain.java:126)
	at groovy.ui.GroovyMain.main(GroovyMain.java:106)
	at sun.reflect.NativeMethodAccessorImpl.invoke0(Native Method)
	at sun.reflect.NativeMethodAccessorImpl.invoke(NativeMethodAccessorImpl.java:57)
	at sun.reflect.DelegatingMethodAccessorImpl.invoke(DelegatingMethodAccessorImpl.java:43)
	at java.lang.reflect.Method.invoke(Method.java:606)
	at org.codehaus.groovy.tools.GroovyStarter.rootLoader(GroovyStarter.java:106)
	at org.codehaus.groovy.tools.GroovyStarter.main(GroovyStarter.java:128)

2015-09-18 12:22:49,042 INFO  ScriptTools - end [1.001 seconds]
2015-09-18 12:24:02,618 INFO  ScriptTools - begin
2015-09-18 12:24:02,627 INFO  ScriptTools - cli options [verbose = false, debug = false, test = false, help = false]
2015-09-18 12:24:03,000 FATAL ScriptTools - groovy.lang.MissingPropertyException: No such property: outfile for class: Randy
	at org.codehaus.groovy.runtime.ScriptBytecodeAdapter.unwrap(ScriptBytecodeAdapter.java:51)
	at org.codehaus.groovy.runtime.callsite.PogoGetPropertySite.getProperty(PogoGetPropertySite.java:49)
	at org.codehaus.groovy.runtime.callsite.AbstractCallSite.callGroovyObjectGetProperty(AbstractCallSite.java:231)
	at Randy$_runUserScript_closure1_closure2.doCall(Randy.groovy:28)
	at sun.reflect.NativeMethodAccessorImpl.invoke0(Native Method)
	at sun.reflect.NativeMethodAccessorImpl.invoke(NativeMethodAccessorImpl.java:57)
	at sun.reflect.DelegatingMethodAccessorImpl.invoke(DelegatingMethodAccessorImpl.java:43)
	at java.lang.reflect.Method.invoke(Method.java:606)
	at org.codehaus.groovy.reflection.CachedMethod.invoke(CachedMethod.java:90)
	at groovy.lang.MetaMethod.doMethodInvoke(MetaMethod.java:324)
	at org.codehaus.groovy.runtime.metaclass.ClosureMetaClass.invokeMethod(ClosureMetaClass.java:292)
	at groovy.lang.MetaClassImpl.invokeMethod(MetaClassImpl.java:1015)
	at org.codehaus.groovy.runtime.callsite.PogoMetaClassSite.call(PogoMetaClassSite.java:39)
	at org.codehaus.groovy.runtime.callsite.CallSiteArray.defaultCall(CallSiteArray.java:45)
	at org.codehaus.groovy.runtime.callsite.AbstractCallSite.call(AbstractCallSite.java:108)
	at org.codehaus.groovy.runtime.callsite.AbstractCallSite.call(AbstractCallSite.java:120)
	at ci.io.DataReader.summary(DataReader.groovy:101)
	at ci.io.DataReader$summary.call(Unknown Source)
	at org.codehaus.groovy.runtime.callsite.CallSiteArray.defaultCall(CallSiteArray.java:45)
	at org.codehaus.groovy.runtime.callsite.AbstractCallSite.call(AbstractCallSite.java:108)
	at org.codehaus.groovy.runtime.callsite.AbstractCallSite.call(AbstractCallSite.java:120)
	at Randy$_runUserScript_closure1.doCall(Randy.groovy:26)
	at sun.reflect.NativeMethodAccessorImpl.invoke0(Native Method)
	at sun.reflect.NativeMethodAccessorImpl.invoke(NativeMethodAccessorImpl.java:57)
	at sun.reflect.DelegatingMethodAccessorImpl.invoke(DelegatingMethodAccessorImpl.java:43)
	at java.lang.reflect.Method.invoke(Method.java:606)
	at org.codehaus.groovy.reflection.CachedMethod.invoke(CachedMethod.java:90)
	at groovy.lang.MetaMethod.doMethodInvoke(MetaMethod.java:324)
	at org.codehaus.groovy.runtime.metaclass.ClosureMetaClass.invokeMethod(ClosureMetaClass.java:292)
	at groovy.lang.MetaClassImpl.invokeMethod(MetaClassImpl.java:1015)
	at groovy.lang.Closure.call(Closure.java:423)
	at groovy.lang.Closure.call(Closure.java:439)
	at org.codehaus.groovy.runtime.ResourceGroovyMethods.eachFileMatch(ResourceGroovyMethods.java:1390)
	at org.codehaus.groovy.runtime.dgm$793.invoke(Unknown Source)
	at org.codehaus.groovy.runtime.callsite.PojoMetaMethodSite$PojoMetaMethodSiteNoUnwrapNoCoerce.invoke(PojoMetaMethodSite.java:271)
	at org.codehaus.groovy.runtime.callsite.PojoMetaMethodSite.call(PojoMetaMethodSite.java:53)
	at org.codehaus.groovy.runtime.callsite.CallSiteArray.defaultCall(CallSiteArray.java:45)
	at org.codehaus.groovy.runtime.callsite.AbstractCallSite.call(AbstractCallSite.java:108)
	at org.codehaus.groovy.runtime.callsite.AbstractCallSite.call(AbstractCallSite.java:124)
	at Randy.runUserScript(Randy.groovy:24)
	at hds.groovy.ScriptWrapper.run(ScriptWrapper.groovy:27)
	at groovy.lang.GroovyShell.runScriptOrMainOrTestOrRunnable(GroovyShell.java:258)
	at groovy.lang.GroovyShell.run(GroovyShell.java:502)
	at groovy.lang.GroovyShell.run(GroovyShell.java:491)
	at groovy.ui.GroovyMain.processOnce(GroovyMain.java:650)
	at groovy.ui.GroovyMain.run(GroovyMain.java:381)
	at groovy.ui.GroovyMain.process(GroovyMain.java:367)
	at groovy.ui.GroovyMain.processArgs(GroovyMain.java:126)
	at groovy.ui.GroovyMain.main(GroovyMain.java:106)
	at sun.reflect.NativeMethodAccessorImpl.invoke0(Native Method)
	at sun.reflect.NativeMethodAccessorImpl.invoke(NativeMethodAccessorImpl.java:57)
	at sun.reflect.DelegatingMethodAccessorImpl.invoke(DelegatingMethodAccessorImpl.java:43)
	at java.lang.reflect.Method.invoke(Method.java:606)
	at org.codehaus.groovy.tools.GroovyStarter.rootLoader(GroovyStarter.java:106)
	at org.codehaus.groovy.tools.GroovyStarter.main(GroovyStarter.java:128)

2015-09-18 12:24:03,016 INFO  ScriptTools - end [0.998 seconds]
2015-09-18 12:24:10,935 INFO  ScriptTools - begin
2015-09-18 12:24:10,943 INFO  ScriptTools - cli options [verbose = false, debug = false, test = false, help = false]
2015-09-18 12:24:11,273 FATAL ScriptTools - groovy.lang.MissingPropertyException: No such property: outfile for class: Randy
	at org.codehaus.groovy.runtime.ScriptBytecodeAdapter.unwrap(ScriptBytecodeAdapter.java:51)
	at org.codehaus.groovy.runtime.callsite.PogoGetPropertySite.getProperty(PogoGetPropertySite.java:49)
	at org.codehaus.groovy.runtime.callsite.AbstractCallSite.callGroovyObjectGetProperty(AbstractCallSite.java:231)
	at Randy$_runUserScript_closure1_closure2.doCall(Randy.groovy:28)
	at sun.reflect.NativeMethodAccessorImpl.invoke0(Native Method)
	at sun.reflect.NativeMethodAccessorImpl.invoke(NativeMethodAccessorImpl.java:57)
	at sun.reflect.DelegatingMethodAccessorImpl.invoke(DelegatingMethodAccessorImpl.java:43)
	at java.lang.reflect.Method.invoke(Method.java:606)
	at org.codehaus.groovy.reflection.CachedMethod.invoke(CachedMethod.java:90)
	at groovy.lang.MetaMethod.doMethodInvoke(MetaMethod.java:324)
	at org.codehaus.groovy.runtime.metaclass.ClosureMetaClass.invokeMethod(ClosureMetaClass.java:292)
	at groovy.lang.MetaClassImpl.invokeMethod(MetaClassImpl.java:1015)
	at org.codehaus.groovy.runtime.callsite.PogoMetaClassSite.call(PogoMetaClassSite.java:39)
	at org.codehaus.groovy.runtime.callsite.CallSiteArray.defaultCall(CallSiteArray.java:45)
	at org.codehaus.groovy.runtime.callsite.AbstractCallSite.call(AbstractCallSite.java:108)
	at org.codehaus.groovy.runtime.callsite.AbstractCallSite.call(AbstractCallSite.java:120)
	at ci.io.DataReader.summary(DataReader.groovy:101)
	at ci.io.DataReader$summary.call(Unknown Source)
	at org.codehaus.groovy.runtime.callsite.CallSiteArray.defaultCall(CallSiteArray.java:45)
	at org.codehaus.groovy.runtime.callsite.AbstractCallSite.call(AbstractCallSite.java:108)
	at org.codehaus.groovy.runtime.callsite.AbstractCallSite.call(AbstractCallSite.java:120)
	at Randy$_runUserScript_closure1.doCall(Randy.groovy:26)
	at sun.reflect.NativeMethodAccessorImpl.invoke0(Native Method)
	at sun.reflect.NativeMethodAccessorImpl.invoke(NativeMethodAccessorImpl.java:57)
	at sun.reflect.DelegatingMethodAccessorImpl.invoke(DelegatingMethodAccessorImpl.java:43)
	at java.lang.reflect.Method.invoke(Method.java:606)
	at org.codehaus.groovy.reflection.CachedMethod.invoke(CachedMethod.java:90)
	at groovy.lang.MetaMethod.doMethodInvoke(MetaMethod.java:324)
	at org.codehaus.groovy.runtime.metaclass.ClosureMetaClass.invokeMethod(ClosureMetaClass.java:292)
	at groovy.lang.MetaClassImpl.invokeMethod(MetaClassImpl.java:1015)
	at groovy.lang.Closure.call(Closure.java:423)
	at groovy.lang.Closure.call(Closure.java:439)
	at org.codehaus.groovy.runtime.ResourceGroovyMethods.eachFileMatch(ResourceGroovyMethods.java:1390)
	at org.codehaus.groovy.runtime.dgm$793.invoke(Unknown Source)
	at org.codehaus.groovy.runtime.callsite.PojoMetaMethodSite$PojoMetaMethodSiteNoUnwrapNoCoerce.invoke(PojoMetaMethodSite.java:271)
	at org.codehaus.groovy.runtime.callsite.PojoMetaMethodSite.call(PojoMetaMethodSite.java:53)
	at org.codehaus.groovy.runtime.callsite.CallSiteArray.defaultCall(CallSiteArray.java:45)
	at org.codehaus.groovy.runtime.callsite.AbstractCallSite.call(AbstractCallSite.java:108)
	at org.codehaus.groovy.runtime.callsite.AbstractCallSite.call(AbstractCallSite.java:124)
	at Randy.runUserScript(Randy.groovy:24)
	at hds.groovy.ScriptWrapper.run(ScriptWrapper.groovy:27)
	at groovy.lang.GroovyShell.runScriptOrMainOrTestOrRunnable(GroovyShell.java:258)
	at groovy.lang.GroovyShell.run(GroovyShell.java:502)
	at groovy.lang.GroovyShell.run(GroovyShell.java:491)
	at groovy.ui.GroovyMain.processOnce(GroovyMain.java:650)
	at groovy.ui.GroovyMain.run(GroovyMain.java:381)
	at groovy.ui.GroovyMain.process(GroovyMain.java:367)
	at groovy.ui.GroovyMain.processArgs(GroovyMain.java:126)
	at groovy.ui.GroovyMain.main(GroovyMain.java:106)
	at sun.reflect.NativeMethodAccessorImpl.invoke0(Native Method)
	at sun.reflect.NativeMethodAccessorImpl.invoke(NativeMethodAccessorImpl.java:57)
	at sun.reflect.DelegatingMethodAccessorImpl.invoke(DelegatingMethodAccessorImpl.java:43)
	at java.lang.reflect.Method.invoke(Method.java:606)
	at org.codehaus.groovy.tools.GroovyStarter.rootLoader(GroovyStarter.java:106)
	at org.codehaus.groovy.tools.GroovyStarter.main(GroovyStarter.java:128)

2015-09-18 12:24:11,290 INFO  ScriptTools - end [0.984 seconds]
2015-09-18 12:24:46,618 INFO  ScriptTools - begin
2015-09-18 12:24:46,625 INFO  ScriptTools - cli options [verbose = false, debug = false, test = false, help = false]
2015-09-18 12:24:46,988 FATAL ScriptTools - groovy.lang.MissingPropertyException: No such property: outfile for class: Randy
	at org.codehaus.groovy.runtime.ScriptBytecodeAdapter.unwrap(ScriptBytecodeAdapter.java:51)
	at org.codehaus.groovy.runtime.callsite.PogoGetPropertySite.getProperty(PogoGetPropertySite.java:49)
	at org.codehaus.groovy.runtime.callsite.AbstractCallSite.callGroovyObjectGetProperty(AbstractCallSite.java:231)
	at Randy$_runUserScript_closure1_closure2.doCall(Randy.groovy:28)
	at sun.reflect.NativeMethodAccessorImpl.invoke0(Native Method)
	at sun.reflect.NativeMethodAccessorImpl.invoke(NativeMethodAccessorImpl.java:57)
	at sun.reflect.DelegatingMethodAccessorImpl.invoke(DelegatingMethodAccessorImpl.java:43)
	at java.lang.reflect.Method.invoke(Method.java:606)
	at org.codehaus.groovy.reflection.CachedMethod.invoke(CachedMethod.java:90)
	at groovy.lang.MetaMethod.doMethodInvoke(MetaMethod.java:324)
	at org.codehaus.groovy.runtime.metaclass.ClosureMetaClass.invokeMethod(ClosureMetaClass.java:292)
	at groovy.lang.MetaClassImpl.invokeMethod(MetaClassImpl.java:1015)
	at org.codehaus.groovy.runtime.callsite.PogoMetaClassSite.call(PogoMetaClassSite.java:39)
	at org.codehaus.groovy.runtime.callsite.CallSiteArray.defaultCall(CallSiteArray.java:45)
	at org.codehaus.groovy.runtime.callsite.AbstractCallSite.call(AbstractCallSite.java:108)
	at org.codehaus.groovy.runtime.callsite.AbstractCallSite.call(AbstractCallSite.java:120)
	at ci.io.DataReader.summary(DataReader.groovy:101)
	at ci.io.DataReader$summary.call(Unknown Source)
	at org.codehaus.groovy.runtime.callsite.CallSiteArray.defaultCall(CallSiteArray.java:45)
	at org.codehaus.groovy.runtime.callsite.AbstractCallSite.call(AbstractCallSite.java:108)
	at org.codehaus.groovy.runtime.callsite.AbstractCallSite.call(AbstractCallSite.java:120)
	at Randy$_runUserScript_closure1.doCall(Randy.groovy:26)
	at sun.reflect.NativeMethodAccessorImpl.invoke0(Native Method)
	at sun.reflect.NativeMethodAccessorImpl.invoke(NativeMethodAccessorImpl.java:57)
	at sun.reflect.DelegatingMethodAccessorImpl.invoke(DelegatingMethodAccessorImpl.java:43)
	at java.lang.reflect.Method.invoke(Method.java:606)
	at org.codehaus.groovy.reflection.CachedMethod.invoke(CachedMethod.java:90)
	at groovy.lang.MetaMethod.doMethodInvoke(MetaMethod.java:324)
	at org.codehaus.groovy.runtime.metaclass.ClosureMetaClass.invokeMethod(ClosureMetaClass.java:292)
	at groovy.lang.MetaClassImpl.invokeMethod(MetaClassImpl.java:1015)
	at groovy.lang.Closure.call(Closure.java:423)
	at groovy.lang.Closure.call(Closure.java:439)
	at org.codehaus.groovy.runtime.ResourceGroovyMethods.eachFileMatch(ResourceGroovyMethods.java:1390)
	at org.codehaus.groovy.runtime.dgm$793.invoke(Unknown Source)
	at org.codehaus.groovy.runtime.callsite.PojoMetaMethodSite$PojoMetaMethodSiteNoUnwrapNoCoerce.invoke(PojoMetaMethodSite.java:271)
	at org.codehaus.groovy.runtime.callsite.PojoMetaMethodSite.call(PojoMetaMethodSite.java:53)
	at org.codehaus.groovy.runtime.callsite.CallSiteArray.defaultCall(CallSiteArray.java:45)
	at org.codehaus.groovy.runtime.callsite.AbstractCallSite.call(AbstractCallSite.java:108)
	at org.codehaus.groovy.runtime.callsite.AbstractCallSite.call(AbstractCallSite.java:124)
	at Randy.runUserScript(Randy.groovy:24)
	at hds.groovy.ScriptWrapper.run(ScriptWrapper.groovy:27)
	at groovy.lang.GroovyShell.runScriptOrMainOrTestOrRunnable(GroovyShell.java:258)
	at groovy.lang.GroovyShell.run(GroovyShell.java:502)
	at groovy.lang.GroovyShell.run(GroovyShell.java:491)
	at groovy.ui.GroovyMain.processOnce(GroovyMain.java:650)
	at groovy.ui.GroovyMain.run(GroovyMain.java:381)
	at groovy.ui.GroovyMain.process(GroovyMain.java:367)
	at groovy.ui.GroovyMain.processArgs(GroovyMain.java:126)
	at groovy.ui.GroovyMain.main(GroovyMain.java:106)
	at sun.reflect.NativeMethodAccessorImpl.invoke0(Native Method)
	at sun.reflect.NativeMethodAccessorImpl.invoke(NativeMethodAccessorImpl.java:57)
	at sun.reflect.DelegatingMethodAccessorImpl.invoke(DelegatingMethodAccessorImpl.java:43)
	at java.lang.reflect.Method.invoke(Method.java:606)
	at org.codehaus.groovy.tools.GroovyStarter.rootLoader(GroovyStarter.java:106)
	at org.codehaus.groovy.tools.GroovyStarter.main(GroovyStarter.java:128)

2015-09-18 12:24:47,009 INFO  ScriptTools - end [1.044 seconds]
2015-09-18 12:25:22,008 INFO  ScriptTools - begin
2015-09-18 12:25:22,017 INFO  ScriptTools - cli options [verbose = false, debug = false, test = false, help = false]
2015-09-18 12:25:22,376 FATAL ScriptTools - groovy.lang.MissingPropertyException: No such property: outfile for class: Randy
	at org.codehaus.groovy.runtime.ScriptBytecodeAdapter.unwrap(ScriptBytecodeAdapter.java:51)
	at org.codehaus.groovy.runtime.callsite.PogoGetPropertySite.getProperty(PogoGetPropertySite.java:49)
	at org.codehaus.groovy.runtime.callsite.AbstractCallSite.callGroovyObjectGetProperty(AbstractCallSite.java:231)
	at Randy$_runUserScript_closure1_closure2.doCall(Randy.groovy:29)
	at sun.reflect.NativeMethodAccessorImpl.invoke0(Native Method)
	at sun.reflect.NativeMethodAccessorImpl.invoke(NativeMethodAccessorImpl.java:57)
	at sun.reflect.DelegatingMethodAccessorImpl.invoke(DelegatingMethodAccessorImpl.java:43)
	at java.lang.reflect.Method.invoke(Method.java:606)
	at org.codehaus.groovy.reflection.CachedMethod.invoke(CachedMethod.java:90)
	at groovy.lang.MetaMethod.doMethodInvoke(MetaMethod.java:324)
	at org.codehaus.groovy.runtime.metaclass.ClosureMetaClass.invokeMethod(ClosureMetaClass.java:292)
	at groovy.lang.MetaClassImpl.invokeMethod(MetaClassImpl.java:1015)
	at org.codehaus.groovy.runtime.callsite.PogoMetaClassSite.call(PogoMetaClassSite.java:39)
	at org.codehaus.groovy.runtime.callsite.CallSiteArray.defaultCall(CallSiteArray.java:45)
	at org.codehaus.groovy.runtime.callsite.AbstractCallSite.call(AbstractCallSite.java:108)
	at org.codehaus.groovy.runtime.callsite.AbstractCallSite.call(AbstractCallSite.java:120)
	at ci.io.DataReader.summary(DataReader.groovy:101)
	at ci.io.DataReader$summary.call(Unknown Source)
	at org.codehaus.groovy.runtime.callsite.CallSiteArray.defaultCall(CallSiteArray.java:45)
	at org.codehaus.groovy.runtime.callsite.AbstractCallSite.call(AbstractCallSite.java:108)
	at org.codehaus.groovy.runtime.callsite.AbstractCallSite.call(AbstractCallSite.java:120)
	at Randy$_runUserScript_closure1.doCall(Randy.groovy:27)
	at sun.reflect.NativeMethodAccessorImpl.invoke0(Native Method)
	at sun.reflect.NativeMethodAccessorImpl.invoke(NativeMethodAccessorImpl.java:57)
	at sun.reflect.DelegatingMethodAccessorImpl.invoke(DelegatingMethodAccessorImpl.java:43)
	at java.lang.reflect.Method.invoke(Method.java:606)
	at org.codehaus.groovy.reflection.CachedMethod.invoke(CachedMethod.java:90)
	at groovy.lang.MetaMethod.doMethodInvoke(MetaMethod.java:324)
	at org.codehaus.groovy.runtime.metaclass.ClosureMetaClass.invokeMethod(ClosureMetaClass.java:292)
	at groovy.lang.MetaClassImpl.invokeMethod(MetaClassImpl.java:1015)
	at groovy.lang.Closure.call(Closure.java:423)
	at groovy.lang.Closure.call(Closure.java:439)
	at org.codehaus.groovy.runtime.ResourceGroovyMethods.eachFileMatch(ResourceGroovyMethods.java:1390)
	at org.codehaus.groovy.runtime.dgm$793.invoke(Unknown Source)
	at org.codehaus.groovy.runtime.callsite.PojoMetaMethodSite$PojoMetaMethodSiteNoUnwrapNoCoerce.invoke(PojoMetaMethodSite.java:271)
	at org.codehaus.groovy.runtime.callsite.PojoMetaMethodSite.call(PojoMetaMethodSite.java:53)
	at org.codehaus.groovy.runtime.callsite.CallSiteArray.defaultCall(CallSiteArray.java:45)
	at org.codehaus.groovy.runtime.callsite.AbstractCallSite.call(AbstractCallSite.java:108)
	at org.codehaus.groovy.runtime.callsite.AbstractCallSite.call(AbstractCallSite.java:124)
	at Randy.runUserScript(Randy.groovy:24)
	at hds.groovy.ScriptWrapper.run(ScriptWrapper.groovy:27)
	at groovy.lang.GroovyShell.runScriptOrMainOrTestOrRunnable(GroovyShell.java:258)
	at groovy.lang.GroovyShell.run(GroovyShell.java:502)
	at groovy.lang.GroovyShell.run(GroovyShell.java:491)
	at groovy.ui.GroovyMain.processOnce(GroovyMain.java:650)
	at groovy.ui.GroovyMain.run(GroovyMain.java:381)
	at groovy.ui.GroovyMain.process(GroovyMain.java:367)
	at groovy.ui.GroovyMain.processArgs(GroovyMain.java:126)
	at groovy.ui.GroovyMain.main(GroovyMain.java:106)
	at sun.reflect.NativeMethodAccessorImpl.invoke0(Native Method)
	at sun.reflect.NativeMethodAccessorImpl.invoke(NativeMethodAccessorImpl.java:57)
	at sun.reflect.DelegatingMethodAccessorImpl.invoke(DelegatingMethodAccessorImpl.java:43)
	at java.lang.reflect.Method.invoke(Method.java:606)
	at org.codehaus.groovy.tools.GroovyStarter.rootLoader(GroovyStarter.java:106)
	at org.codehaus.groovy.tools.GroovyStarter.main(GroovyStarter.java:128)

2015-09-18 12:25:22,399 INFO  ScriptTools - end [0.951 seconds]
2015-09-18 12:25:39,295 INFO  ScriptTools - begin
2015-09-18 12:25:39,305 INFO  ScriptTools - cli options [verbose = false, debug = false, test = false, help = false]
2015-09-18 12:25:39,731 FATAL ScriptTools - groovy.lang.MissingPropertyException: No such property: outfile for class: Randy
	at org.codehaus.groovy.runtime.ScriptBytecodeAdapter.unwrap(ScriptBytecodeAdapter.java:51)
	at org.codehaus.groovy.runtime.callsite.PogoGetPropertySite.getProperty(PogoGetPropertySite.java:49)
	at org.codehaus.groovy.runtime.callsite.AbstractCallSite.callGroovyObjectGetProperty(AbstractCallSite.java:231)
	at Randy$_runUserScript_closure1_closure2.doCall(Randy.groovy:30)
	at sun.reflect.NativeMethodAccessorImpl.invoke0(Native Method)
	at sun.reflect.NativeMethodAccessorImpl.invoke(NativeMethodAccessorImpl.java:57)
	at sun.reflect.DelegatingMethodAccessorImpl.invoke(DelegatingMethodAccessorImpl.java:43)
	at java.lang.reflect.Method.invoke(Method.java:606)
	at org.codehaus.groovy.reflection.CachedMethod.invoke(CachedMethod.java:90)
	at groovy.lang.MetaMethod.doMethodInvoke(MetaMethod.java:324)
	at org.codehaus.groovy.runtime.metaclass.ClosureMetaClass.invokeMethod(ClosureMetaClass.java:292)
	at groovy.lang.MetaClassImpl.invokeMethod(MetaClassImpl.java:1015)
	at org.codehaus.groovy.runtime.callsite.PogoMetaClassSite.call(PogoMetaClassSite.java:39)
	at org.codehaus.groovy.runtime.callsite.CallSiteArray.defaultCall(CallSiteArray.java:45)
	at org.codehaus.groovy.runtime.callsite.AbstractCallSite.call(AbstractCallSite.java:108)
	at org.codehaus.groovy.runtime.callsite.AbstractCallSite.call(AbstractCallSite.java:120)
	at ci.io.DataReader.summary(DataReader.groovy:101)
	at ci.io.DataReader$summary.call(Unknown Source)
	at org.codehaus.groovy.runtime.callsite.CallSiteArray.defaultCall(CallSiteArray.java:45)
	at org.codehaus.groovy.runtime.callsite.AbstractCallSite.call(AbstractCallSite.java:108)
	at org.codehaus.groovy.runtime.callsite.AbstractCallSite.call(AbstractCallSite.java:120)
	at Randy$_runUserScript_closure1.doCall(Randy.groovy:27)
	at sun.reflect.NativeMethodAccessorImpl.invoke0(Native Method)
	at sun.reflect.NativeMethodAccessorImpl.invoke(NativeMethodAccessorImpl.java:57)
	at sun.reflect.DelegatingMethodAccessorImpl.invoke(DelegatingMethodAccessorImpl.java:43)
	at java.lang.reflect.Method.invoke(Method.java:606)
	at org.codehaus.groovy.reflection.CachedMethod.invoke(CachedMethod.java:90)
	at groovy.lang.MetaMethod.doMethodInvoke(MetaMethod.java:324)
	at org.codehaus.groovy.runtime.metaclass.ClosureMetaClass.invokeMethod(ClosureMetaClass.java:292)
	at groovy.lang.MetaClassImpl.invokeMethod(MetaClassImpl.java:1015)
	at groovy.lang.Closure.call(Closure.java:423)
	at groovy.lang.Closure.call(Closure.java:439)
	at org.codehaus.groovy.runtime.ResourceGroovyMethods.eachFileMatch(ResourceGroovyMethods.java:1390)
	at org.codehaus.groovy.runtime.dgm$793.invoke(Unknown Source)
	at org.codehaus.groovy.runtime.callsite.PojoMetaMethodSite$PojoMetaMethodSiteNoUnwrapNoCoerce.invoke(PojoMetaMethodSite.java:271)
	at org.codehaus.groovy.runtime.callsite.PojoMetaMethodSite.call(PojoMetaMethodSite.java:53)
	at org.codehaus.groovy.runtime.callsite.CallSiteArray.defaultCall(CallSiteArray.java:45)
	at org.codehaus.groovy.runtime.callsite.AbstractCallSite.call(AbstractCallSite.java:108)
	at org.codehaus.groovy.runtime.callsite.AbstractCallSite.call(AbstractCallSite.java:124)
	at Randy.runUserScript(Randy.groovy:24)
	at hds.groovy.ScriptWrapper.run(ScriptWrapper.groovy:27)
	at groovy.lang.GroovyShell.runScriptOrMainOrTestOrRunnable(GroovyShell.java:258)
	at groovy.lang.GroovyShell.run(GroovyShell.java:502)
	at groovy.lang.GroovyShell.run(GroovyShell.java:491)
	at groovy.ui.GroovyMain.processOnce(GroovyMain.java:650)
	at groovy.ui.GroovyMain.run(GroovyMain.java:381)
	at groovy.ui.GroovyMain.process(GroovyMain.java:367)
	at groovy.ui.GroovyMain.processArgs(GroovyMain.java:126)
	at groovy.ui.GroovyMain.main(GroovyMain.java:106)
	at sun.reflect.NativeMethodAccessorImpl.invoke0(Native Method)
	at sun.reflect.NativeMethodAccessorImpl.invoke(NativeMethodAccessorImpl.java:57)
	at sun.reflect.DelegatingMethodAccessorImpl.invoke(DelegatingMethodAccessorImpl.java:43)
	at java.lang.reflect.Method.invoke(Method.java:606)
	at org.codehaus.groovy.tools.GroovyStarter.rootLoader(GroovyStarter.java:106)
	at org.codehaus.groovy.tools.GroovyStarter.main(GroovyStarter.java:128)

2015-09-18 12:25:39,745 INFO  ScriptTools - end [1.034 seconds]
2015-09-18 12:26:35,181 INFO  ScriptTools - begin
2015-09-18 12:26:35,188 INFO  ScriptTools - cli options [verbose = false, debug = false, test = false, help = false]
2015-09-18 12:26:35,594 FATAL ScriptTools - groovy.lang.MissingPropertyException: No such property: outfile for class: Randy
	at org.codehaus.groovy.runtime.ScriptBytecodeAdapter.unwrap(ScriptBytecodeAdapter.java:51)
	at org.codehaus.groovy.runtime.callsite.PogoGetPropertySite.getProperty(PogoGetPropertySite.java:49)
	at org.codehaus.groovy.runtime.callsite.AbstractCallSite.callGroovyObjectGetProperty(AbstractCallSite.java:231)
	at Randy$_runUserScript_closure1_closure2.doCall(Randy.groovy:30)
	at sun.reflect.NativeMethodAccessorImpl.invoke0(Native Method)
	at sun.reflect.NativeMethodAccessorImpl.invoke(NativeMethodAccessorImpl.java:57)
	at sun.reflect.DelegatingMethodAccessorImpl.invoke(DelegatingMethodAccessorImpl.java:43)
	at java.lang.reflect.Method.invoke(Method.java:606)
	at org.codehaus.groovy.reflection.CachedMethod.invoke(CachedMethod.java:90)
	at groovy.lang.MetaMethod.doMethodInvoke(MetaMethod.java:324)
	at org.codehaus.groovy.runtime.metaclass.ClosureMetaClass.invokeMethod(ClosureMetaClass.java:292)
	at groovy.lang.MetaClassImpl.invokeMethod(MetaClassImpl.java:1015)
	at org.codehaus.groovy.runtime.callsite.PogoMetaClassSite.call(PogoMetaClassSite.java:39)
	at org.codehaus.groovy.runtime.callsite.CallSiteArray.defaultCall(CallSiteArray.java:45)
	at org.codehaus.groovy.runtime.callsite.AbstractCallSite.call(AbstractCallSite.java:108)
	at org.codehaus.groovy.runtime.callsite.AbstractCallSite.call(AbstractCallSite.java:120)
	at ci.io.DataReader.summary(DataReader.groovy:101)
	at ci.io.DataReader$summary.call(Unknown Source)
	at org.codehaus.groovy.runtime.callsite.CallSiteArray.defaultCall(CallSiteArray.java:45)
	at org.codehaus.groovy.runtime.callsite.AbstractCallSite.call(AbstractCallSite.java:108)
	at org.codehaus.groovy.runtime.callsite.AbstractCallSite.call(AbstractCallSite.java:120)
	at Randy$_runUserScript_closure1.doCall(Randy.groovy:27)
	at sun.reflect.NativeMethodAccessorImpl.invoke0(Native Method)
	at sun.reflect.NativeMethodAccessorImpl.invoke(NativeMethodAccessorImpl.java:57)
	at sun.reflect.DelegatingMethodAccessorImpl.invoke(DelegatingMethodAccessorImpl.java:43)
	at java.lang.reflect.Method.invoke(Method.java:606)
	at org.codehaus.groovy.reflection.CachedMethod.invoke(CachedMethod.java:90)
	at groovy.lang.MetaMethod.doMethodInvoke(MetaMethod.java:324)
	at org.codehaus.groovy.runtime.metaclass.ClosureMetaClass.invokeMethod(ClosureMetaClass.java:292)
	at groovy.lang.MetaClassImpl.invokeMethod(MetaClassImpl.java:1015)
	at groovy.lang.Closure.call(Closure.java:423)
	at groovy.lang.Closure.call(Closure.java:439)
	at org.codehaus.groovy.runtime.ResourceGroovyMethods.eachFileMatch(ResourceGroovyMethods.java:1390)
	at org.codehaus.groovy.runtime.dgm$793.invoke(Unknown Source)
	at org.codehaus.groovy.runtime.callsite.PojoMetaMethodSite$PojoMetaMethodSiteNoUnwrapNoCoerce.invoke(PojoMetaMethodSite.java:271)
	at org.codehaus.groovy.runtime.callsite.PojoMetaMethodSite.call(PojoMetaMethodSite.java:53)
	at org.codehaus.groovy.runtime.callsite.CallSiteArray.defaultCall(CallSiteArray.java:45)
	at org.codehaus.groovy.runtime.callsite.AbstractCallSite.call(AbstractCallSite.java:108)
	at org.codehaus.groovy.runtime.callsite.AbstractCallSite.call(AbstractCallSite.java:124)
	at Randy.runUserScript(Randy.groovy:24)
	at hds.groovy.ScriptWrapper.run(ScriptWrapper.groovy:27)
	at groovy.lang.GroovyShell.runScriptOrMainOrTestOrRunnable(GroovyShell.java:258)
	at groovy.lang.GroovyShell.run(GroovyShell.java:502)
	at groovy.lang.GroovyShell.run(GroovyShell.java:491)
	at groovy.ui.GroovyMain.processOnce(GroovyMain.java:650)
	at groovy.ui.GroovyMain.run(GroovyMain.java:381)
	at groovy.ui.GroovyMain.process(GroovyMain.java:367)
	at groovy.ui.GroovyMain.processArgs(GroovyMain.java:126)
	at groovy.ui.GroovyMain.main(GroovyMain.java:106)
	at sun.reflect.NativeMethodAccessorImpl.invoke0(Native Method)
	at sun.reflect.NativeMethodAccessorImpl.invoke(NativeMethodAccessorImpl.java:57)
	at sun.reflect.DelegatingMethodAccessorImpl.invoke(DelegatingMethodAccessorImpl.java:43)
	at java.lang.reflect.Method.invoke(Method.java:606)
	at org.codehaus.groovy.tools.GroovyStarter.rootLoader(GroovyStarter.java:106)
	at org.codehaus.groovy.tools.GroovyStarter.main(GroovyStarter.java:128)

2015-09-18 12:26:35,612 INFO  ScriptTools - end [1.013 seconds]
2015-09-18 12:27:10,177 INFO  ScriptTools - begin
2015-09-18 12:27:10,186 INFO  ScriptTools - cli options [verbose = false, debug = false, test = false, help = false]
2015-09-18 12:27:10,576 FATAL ScriptTools - groovy.lang.MissingPropertyException: No such property: outfile for class: Randy
	at org.codehaus.groovy.runtime.ScriptBytecodeAdapter.unwrap(ScriptBytecodeAdapter.java:51)
	at org.codehaus.groovy.runtime.callsite.PogoGetPropertySite.getProperty(PogoGetPropertySite.java:49)
	at org.codehaus.groovy.runtime.callsite.AbstractCallSite.callGroovyObjectGetProperty(AbstractCallSite.java:231)
	at Randy$_runUserScript_closure1_closure2.doCall(Randy.groovy:30)
	at sun.reflect.NativeMethodAccessorImpl.invoke0(Native Method)
	at sun.reflect.NativeMethodAccessorImpl.invoke(NativeMethodAccessorImpl.java:57)
	at sun.reflect.DelegatingMethodAccessorImpl.invoke(DelegatingMethodAccessorImpl.java:43)
	at java.lang.reflect.Method.invoke(Method.java:606)
	at org.codehaus.groovy.reflection.CachedMethod.invoke(CachedMethod.java:90)
	at groovy.lang.MetaMethod.doMethodInvoke(MetaMethod.java:324)
	at org.codehaus.groovy.runtime.metaclass.ClosureMetaClass.invokeMethod(ClosureMetaClass.java:292)
	at groovy.lang.MetaClassImpl.invokeMethod(MetaClassImpl.java:1015)
	at org.codehaus.groovy.runtime.callsite.PogoMetaClassSite.call(PogoMetaClassSite.java:39)
	at org.codehaus.groovy.runtime.callsite.CallSiteArray.defaultCall(CallSiteArray.java:45)
	at org.codehaus.groovy.runtime.callsite.AbstractCallSite.call(AbstractCallSite.java:108)
	at org.codehaus.groovy.runtime.callsite.AbstractCallSite.call(AbstractCallSite.java:120)
	at ci.io.DataReader.summary(DataReader.groovy:101)
	at ci.io.DataReader$summary.call(Unknown Source)
	at org.codehaus.groovy.runtime.callsite.CallSiteArray.defaultCall(CallSiteArray.java:45)
	at org.codehaus.groovy.runtime.callsite.AbstractCallSite.call(AbstractCallSite.java:108)
	at org.codehaus.groovy.runtime.callsite.AbstractCallSite.call(AbstractCallSite.java:120)
	at Randy$_runUserScript_closure1.doCall(Randy.groovy:27)
	at sun.reflect.NativeMethodAccessorImpl.invoke0(Native Method)
	at sun.reflect.NativeMethodAccessorImpl.invoke(NativeMethodAccessorImpl.java:57)
	at sun.reflect.DelegatingMethodAccessorImpl.invoke(DelegatingMethodAccessorImpl.java:43)
	at java.lang.reflect.Method.invoke(Method.java:606)
	at org.codehaus.groovy.reflection.CachedMethod.invoke(CachedMethod.java:90)
	at groovy.lang.MetaMethod.doMethodInvoke(MetaMethod.java:324)
	at org.codehaus.groovy.runtime.metaclass.ClosureMetaClass.invokeMethod(ClosureMetaClass.java:292)
	at groovy.lang.MetaClassImpl.invokeMethod(MetaClassImpl.java:1015)
	at groovy.lang.Closure.call(Closure.java:423)
	at groovy.lang.Closure.call(Closure.java:439)
	at org.codehaus.groovy.runtime.ResourceGroovyMethods.eachFileMatch(ResourceGroovyMethods.java:1390)
	at org.codehaus.groovy.runtime.dgm$793.invoke(Unknown Source)
	at org.codehaus.groovy.runtime.callsite.PojoMetaMethodSite$PojoMetaMethodSiteNoUnwrapNoCoerce.invoke(PojoMetaMethodSite.java:271)
	at org.codehaus.groovy.runtime.callsite.PojoMetaMethodSite.call(PojoMetaMethodSite.java:53)
	at org.codehaus.groovy.runtime.callsite.CallSiteArray.defaultCall(CallSiteArray.java:45)
	at org.codehaus.groovy.runtime.callsite.AbstractCallSite.call(AbstractCallSite.java:108)
	at org.codehaus.groovy.runtime.callsite.AbstractCallSite.call(AbstractCallSite.java:124)
	at Randy.runUserScript(Randy.groovy:24)
	at hds.groovy.ScriptWrapper.run(ScriptWrapper.groovy:27)
	at groovy.lang.GroovyShell.runScriptOrMainOrTestOrRunnable(GroovyShell.java:258)
	at groovy.lang.GroovyShell.run(GroovyShell.java:502)
	at groovy.lang.GroovyShell.run(GroovyShell.java:491)
	at groovy.ui.GroovyMain.processOnce(GroovyMain.java:650)
	at groovy.ui.GroovyMain.run(GroovyMain.java:381)
	at groovy.ui.GroovyMain.process(GroovyMain.java:367)
	at groovy.ui.GroovyMain.processArgs(GroovyMain.java:126)
	at groovy.ui.GroovyMain.main(GroovyMain.java:106)
	at sun.reflect.NativeMethodAccessorImpl.invoke0(Native Method)
	at sun.reflect.NativeMethodAccessorImpl.invoke(NativeMethodAccessorImpl.java:57)
	at sun.reflect.DelegatingMethodAccessorImpl.invoke(DelegatingMethodAccessorImpl.java:43)
	at java.lang.reflect.Method.invoke(Method.java:606)
	at org.codehaus.groovy.tools.GroovyStarter.rootLoader(GroovyStarter.java:106)
	at org.codehaus.groovy.tools.GroovyStarter.main(GroovyStarter.java:128)

2015-09-18 12:27:10,593 INFO  ScriptTools - end [0.990 seconds]
2015-09-18 12:27:22,710 INFO  ScriptTools - begin
2015-09-18 12:27:22,720 INFO  ScriptTools - cli options [verbose = false, debug = false, test = false, help = false]
2015-09-18 12:27:23,080 FATAL ScriptTools - groovy.lang.MissingPropertyException: No such property: outfile for class: Randy
	at org.codehaus.groovy.runtime.ScriptBytecodeAdapter.unwrap(ScriptBytecodeAdapter.java:51)
	at org.codehaus.groovy.runtime.callsite.PogoGetPropertySite.getProperty(PogoGetPropertySite.java:49)
	at org.codehaus.groovy.runtime.callsite.AbstractCallSite.callGroovyObjectGetProperty(AbstractCallSite.java:231)
	at Randy$_runUserScript_closure1_closure2.doCall(Randy.groovy:30)
	at sun.reflect.NativeMethodAccessorImpl.invoke0(Native Method)
	at sun.reflect.NativeMethodAccessorImpl.invoke(NativeMethodAccessorImpl.java:57)
	at sun.reflect.DelegatingMethodAccessorImpl.invoke(DelegatingMethodAccessorImpl.java:43)
	at java.lang.reflect.Method.invoke(Method.java:606)
	at org.codehaus.groovy.reflection.CachedMethod.invoke(CachedMethod.java:90)
	at groovy.lang.MetaMethod.doMethodInvoke(MetaMethod.java:324)
	at org.codehaus.groovy.runtime.metaclass.ClosureMetaClass.invokeMethod(ClosureMetaClass.java:292)
	at groovy.lang.MetaClassImpl.invokeMethod(MetaClassImpl.java:1015)
	at org.codehaus.groovy.runtime.callsite.PogoMetaClassSite.call(PogoMetaClassSite.java:39)
	at org.codehaus.groovy.runtime.callsite.CallSiteArray.defaultCall(CallSiteArray.java:45)
	at org.codehaus.groovy.runtime.callsite.AbstractCallSite.call(AbstractCallSite.java:108)
	at org.codehaus.groovy.runtime.callsite.AbstractCallSite.call(AbstractCallSite.java:120)
	at ci.io.DataReader.summary(DataReader.groovy:101)
	at ci.io.DataReader$summary.call(Unknown Source)
	at org.codehaus.groovy.runtime.callsite.CallSiteArray.defaultCall(CallSiteArray.java:45)
	at org.codehaus.groovy.runtime.callsite.AbstractCallSite.call(AbstractCallSite.java:108)
	at org.codehaus.groovy.runtime.callsite.AbstractCallSite.call(AbstractCallSite.java:120)
	at Randy$_runUserScript_closure1.doCall(Randy.groovy:27)
	at sun.reflect.NativeMethodAccessorImpl.invoke0(Native Method)
	at sun.reflect.NativeMethodAccessorImpl.invoke(NativeMethodAccessorImpl.java:57)
	at sun.reflect.DelegatingMethodAccessorImpl.invoke(DelegatingMethodAccessorImpl.java:43)
	at java.lang.reflect.Method.invoke(Method.java:606)
	at org.codehaus.groovy.reflection.CachedMethod.invoke(CachedMethod.java:90)
	at groovy.lang.MetaMethod.doMethodInvoke(MetaMethod.java:324)
	at org.codehaus.groovy.runtime.metaclass.ClosureMetaClass.invokeMethod(ClosureMetaClass.java:292)
	at groovy.lang.MetaClassImpl.invokeMethod(MetaClassImpl.java:1015)
	at groovy.lang.Closure.call(Closure.java:423)
	at groovy.lang.Closure.call(Closure.java:439)
	at org.codehaus.groovy.runtime.ResourceGroovyMethods.eachFileMatch(ResourceGroovyMethods.java:1390)
	at org.codehaus.groovy.runtime.dgm$793.invoke(Unknown Source)
	at org.codehaus.groovy.runtime.callsite.PojoMetaMethodSite$PojoMetaMethodSiteNoUnwrapNoCoerce.invoke(PojoMetaMethodSite.java:271)
	at org.codehaus.groovy.runtime.callsite.PojoMetaMethodSite.call(PojoMetaMethodSite.java:53)
	at org.codehaus.groovy.runtime.callsite.CallSiteArray.defaultCall(CallSiteArray.java:45)
	at org.codehaus.groovy.runtime.callsite.AbstractCallSite.call(AbstractCallSite.java:108)
	at org.codehaus.groovy.runtime.callsite.AbstractCallSite.call(AbstractCallSite.java:124)
	at Randy.runUserScript(Randy.groovy:24)
	at hds.groovy.ScriptWrapper.run(ScriptWrapper.groovy:27)
	at groovy.lang.GroovyShell.runScriptOrMainOrTestOrRunnable(GroovyShell.java:258)
	at groovy.lang.GroovyShell.run(GroovyShell.java:502)
	at groovy.lang.GroovyShell.run(GroovyShell.java:491)
	at groovy.ui.GroovyMain.processOnce(GroovyMain.java:650)
	at groovy.ui.GroovyMain.run(GroovyMain.java:381)
	at groovy.ui.GroovyMain.process(GroovyMain.java:367)
	at groovy.ui.GroovyMain.processArgs(GroovyMain.java:126)
	at groovy.ui.GroovyMain.main(GroovyMain.java:106)
	at sun.reflect.NativeMethodAccessorImpl.invoke0(Native Method)
	at sun.reflect.NativeMethodAccessorImpl.invoke(NativeMethodAccessorImpl.java:57)
	at sun.reflect.DelegatingMethodAccessorImpl.invoke(DelegatingMethodAccessorImpl.java:43)
	at java.lang.reflect.Method.invoke(Method.java:606)
	at org.codehaus.groovy.tools.GroovyStarter.rootLoader(GroovyStarter.java:106)
	at org.codehaus.groovy.tools.GroovyStarter.main(GroovyStarter.java:128)

2015-09-18 12:27:23,099 INFO  ScriptTools - end [0.987 seconds]
2015-09-18 12:28:52,686 INFO  ScriptTools - begin
2015-09-18 12:28:52,693 INFO  ScriptTools - cli options [verbose = false, debug = false, test = false, help = false]
2015-09-18 12:28:53,087 FATAL ScriptTools - groovy.lang.MissingPropertyException: No such property: outfile for class: Randy
	at org.codehaus.groovy.runtime.ScriptBytecodeAdapter.unwrap(ScriptBytecodeAdapter.java:51)
	at org.codehaus.groovy.runtime.callsite.PogoGetPropertySite.getProperty(PogoGetPropertySite.java:49)
	at org.codehaus.groovy.runtime.callsite.AbstractCallSite.callGroovyObjectGetProperty(AbstractCallSite.java:231)
	at Randy$_runUserScript_closure1_closure2.doCall(Randy.groovy:30)
	at sun.reflect.NativeMethodAccessorImpl.invoke0(Native Method)
	at sun.reflect.NativeMethodAccessorImpl.invoke(NativeMethodAccessorImpl.java:57)
	at sun.reflect.DelegatingMethodAccessorImpl.invoke(DelegatingMethodAccessorImpl.java:43)
	at java.lang.reflect.Method.invoke(Method.java:606)
	at org.codehaus.groovy.reflection.CachedMethod.invoke(CachedMethod.java:90)
	at groovy.lang.MetaMethod.doMethodInvoke(MetaMethod.java:324)
	at org.codehaus.groovy.runtime.metaclass.ClosureMetaClass.invokeMethod(ClosureMetaClass.java:292)
	at groovy.lang.MetaClassImpl.invokeMethod(MetaClassImpl.java:1015)
	at org.codehaus.groovy.runtime.callsite.PogoMetaClassSite.call(PogoMetaClassSite.java:39)
	at org.codehaus.groovy.runtime.callsite.CallSiteArray.defaultCall(CallSiteArray.java:45)
	at org.codehaus.groovy.runtime.callsite.AbstractCallSite.call(AbstractCallSite.java:108)
	at org.codehaus.groovy.runtime.callsite.AbstractCallSite.call(AbstractCallSite.java:120)
	at ci.io.DataReader.summary(DataReader.groovy:101)
	at ci.io.DataReader$summary.call(Unknown Source)
	at org.codehaus.groovy.runtime.callsite.CallSiteArray.defaultCall(CallSiteArray.java:45)
	at org.codehaus.groovy.runtime.callsite.AbstractCallSite.call(AbstractCallSite.java:108)
	at org.codehaus.groovy.runtime.callsite.AbstractCallSite.call(AbstractCallSite.java:120)
	at Randy$_runUserScript_closure1.doCall(Randy.groovy:27)
	at sun.reflect.NativeMethodAccessorImpl.invoke0(Native Method)
	at sun.reflect.NativeMethodAccessorImpl.invoke(NativeMethodAccessorImpl.java:57)
	at sun.reflect.DelegatingMethodAccessorImpl.invoke(DelegatingMethodAccessorImpl.java:43)
	at java.lang.reflect.Method.invoke(Method.java:606)
	at org.codehaus.groovy.reflection.CachedMethod.invoke(CachedMethod.java:90)
	at groovy.lang.MetaMethod.doMethodInvoke(MetaMethod.java:324)
	at org.codehaus.groovy.runtime.metaclass.ClosureMetaClass.invokeMethod(ClosureMetaClass.java:292)
	at groovy.lang.MetaClassImpl.invokeMethod(MetaClassImpl.java:1015)
	at groovy.lang.Closure.call(Closure.java:423)
	at groovy.lang.Closure.call(Closure.java:439)
	at org.codehaus.groovy.runtime.ResourceGroovyMethods.eachFileMatch(ResourceGroovyMethods.java:1390)
	at org.codehaus.groovy.runtime.dgm$793.invoke(Unknown Source)
	at org.codehaus.groovy.runtime.callsite.PojoMetaMethodSite$PojoMetaMethodSiteNoUnwrapNoCoerce.invoke(PojoMetaMethodSite.java:271)
	at org.codehaus.groovy.runtime.callsite.PojoMetaMethodSite.call(PojoMetaMethodSite.java:53)
	at org.codehaus.groovy.runtime.callsite.CallSiteArray.defaultCall(CallSiteArray.java:45)
	at org.codehaus.groovy.runtime.callsite.AbstractCallSite.call(AbstractCallSite.java:108)
	at org.codehaus.groovy.runtime.callsite.AbstractCallSite.call(AbstractCallSite.java:124)
	at Randy.runUserScript(Randy.groovy:24)
	at hds.groovy.ScriptWrapper.run(ScriptWrapper.groovy:27)
	at groovy.lang.GroovyShell.runScriptOrMainOrTestOrRunnable(GroovyShell.java:258)
	at groovy.lang.GroovyShell.run(GroovyShell.java:502)
	at groovy.lang.GroovyShell.run(GroovyShell.java:491)
	at groovy.ui.GroovyMain.processOnce(GroovyMain.java:650)
	at groovy.ui.GroovyMain.run(GroovyMain.java:381)
	at groovy.ui.GroovyMain.process(GroovyMain.java:367)
	at groovy.ui.GroovyMain.processArgs(GroovyMain.java:126)
	at groovy.ui.GroovyMain.main(GroovyMain.java:106)
	at sun.reflect.NativeMethodAccessorImpl.invoke0(Native Method)
	at sun.reflect.NativeMethodAccessorImpl.invoke(NativeMethodAccessorImpl.java:57)
	at sun.reflect.DelegatingMethodAccessorImpl.invoke(DelegatingMethodAccessorImpl.java:43)
	at java.lang.reflect.Method.invoke(Method.java:606)
	at org.codehaus.groovy.tools.GroovyStarter.rootLoader(GroovyStarter.java:106)
	at org.codehaus.groovy.tools.GroovyStarter.main(GroovyStarter.java:128)

2015-09-18 12:28:53,101 INFO  ScriptTools - end [0.997 seconds]
2015-09-18 12:29:13,463 INFO  ScriptTools - begin
2015-09-18 12:29:13,475 INFO  ScriptTools - cli options [verbose = false, debug = false, test = false, help = false]
2015-09-18 12:29:13,826 FATAL ScriptTools - groovy.lang.MissingPropertyException: No such property: outfile for class: Randy
	at org.codehaus.groovy.runtime.ScriptBytecodeAdapter.unwrap(ScriptBytecodeAdapter.java:51)
	at org.codehaus.groovy.runtime.callsite.PogoGetPropertySite.getProperty(PogoGetPropertySite.java:49)
	at org.codehaus.groovy.runtime.callsite.AbstractCallSite.callGroovyObjectGetProperty(AbstractCallSite.java:231)
	at Randy$_runUserScript_closure1_closure2.doCall(Randy.groovy:29)
	at sun.reflect.NativeMethodAccessorImpl.invoke0(Native Method)
	at sun.reflect.NativeMethodAccessorImpl.invoke(NativeMethodAccessorImpl.java:57)
	at sun.reflect.DelegatingMethodAccessorImpl.invoke(DelegatingMethodAccessorImpl.java:43)
	at java.lang.reflect.Method.invoke(Method.java:606)
	at org.codehaus.groovy.reflection.CachedMethod.invoke(CachedMethod.java:90)
	at groovy.lang.MetaMethod.doMethodInvoke(MetaMethod.java:324)
	at org.codehaus.groovy.runtime.metaclass.ClosureMetaClass.invokeMethod(ClosureMetaClass.java:292)
	at groovy.lang.MetaClassImpl.invokeMethod(MetaClassImpl.java:1015)
	at org.codehaus.groovy.runtime.callsite.PogoMetaClassSite.call(PogoMetaClassSite.java:39)
	at org.codehaus.groovy.runtime.callsite.CallSiteArray.defaultCall(CallSiteArray.java:45)
	at org.codehaus.groovy.runtime.callsite.AbstractCallSite.call(AbstractCallSite.java:108)
	at org.codehaus.groovy.runtime.callsite.AbstractCallSite.call(AbstractCallSite.java:120)
	at ci.io.DataReader.summary(DataReader.groovy:101)
	at ci.io.DataReader$summary.call(Unknown Source)
	at org.codehaus.groovy.runtime.callsite.CallSiteArray.defaultCall(CallSiteArray.java:45)
	at org.codehaus.groovy.runtime.callsite.AbstractCallSite.call(AbstractCallSite.java:108)
	at org.codehaus.groovy.runtime.callsite.AbstractCallSite.call(AbstractCallSite.java:120)
	at Randy$_runUserScript_closure1.doCall(Randy.groovy:27)
	at sun.reflect.NativeMethodAccessorImpl.invoke0(Native Method)
	at sun.reflect.NativeMethodAccessorImpl.invoke(NativeMethodAccessorImpl.java:57)
	at sun.reflect.DelegatingMethodAccessorImpl.invoke(DelegatingMethodAccessorImpl.java:43)
	at java.lang.reflect.Method.invoke(Method.java:606)
	at org.codehaus.groovy.reflection.CachedMethod.invoke(CachedMethod.java:90)
	at groovy.lang.MetaMethod.doMethodInvoke(MetaMethod.java:324)
	at org.codehaus.groovy.runtime.metaclass.ClosureMetaClass.invokeMethod(ClosureMetaClass.java:292)
	at groovy.lang.MetaClassImpl.invokeMethod(MetaClassImpl.java:1015)
	at groovy.lang.Closure.call(Closure.java:423)
	at groovy.lang.Closure.call(Closure.java:439)
	at org.codehaus.groovy.runtime.ResourceGroovyMethods.eachFileMatch(ResourceGroovyMethods.java:1390)
	at org.codehaus.groovy.runtime.dgm$793.invoke(Unknown Source)
	at org.codehaus.groovy.runtime.callsite.PojoMetaMethodSite$PojoMetaMethodSiteNoUnwrapNoCoerce.invoke(PojoMetaMethodSite.java:271)
	at org.codehaus.groovy.runtime.callsite.PojoMetaMethodSite.call(PojoMetaMethodSite.java:53)
	at org.codehaus.groovy.runtime.callsite.CallSiteArray.defaultCall(CallSiteArray.java:45)
	at org.codehaus.groovy.runtime.callsite.AbstractCallSite.call(AbstractCallSite.java:108)
	at org.codehaus.groovy.runtime.callsite.AbstractCallSite.call(AbstractCallSite.java:124)
	at Randy.runUserScript(Randy.groovy:24)
	at hds.groovy.ScriptWrapper.run(ScriptWrapper.groovy:27)
	at groovy.lang.GroovyShell.runScriptOrMainOrTestOrRunnable(GroovyShell.java:258)
	at groovy.lang.GroovyShell.run(GroovyShell.java:502)
	at groovy.lang.GroovyShell.run(GroovyShell.java:491)
	at groovy.ui.GroovyMain.processOnce(GroovyMain.java:650)
	at groovy.ui.GroovyMain.run(GroovyMain.java:381)
	at groovy.ui.GroovyMain.process(GroovyMain.java:367)
	at groovy.ui.GroovyMain.processArgs(GroovyMain.java:126)
	at groovy.ui.GroovyMain.main(GroovyMain.java:106)
	at sun.reflect.NativeMethodAccessorImpl.invoke0(Native Method)
	at sun.reflect.NativeMethodAccessorImpl.invoke(NativeMethodAccessorImpl.java:57)
	at sun.reflect.DelegatingMethodAccessorImpl.invoke(DelegatingMethodAccessorImpl.java:43)
	at java.lang.reflect.Method.invoke(Method.java:606)
	at org.codehaus.groovy.tools.GroovyStarter.rootLoader(GroovyStarter.java:106)
	at org.codehaus.groovy.tools.GroovyStarter.main(GroovyStarter.java:128)

2015-09-18 12:29:13,838 INFO  ScriptTools - end [0.988 seconds]
2015-09-18 12:30:20,167 INFO  ScriptTools - begin
2015-09-18 12:30:20,175 INFO  ScriptTools - cli options [verbose = false, debug = false, test = false, help = false]
2015-09-18 12:30:20,557 FATAL ScriptTools - groovy.lang.MissingPropertyException: No such property: outfile for class: Randy
	at org.codehaus.groovy.runtime.ScriptBytecodeAdapter.unwrap(ScriptBytecodeAdapter.java:51)
	at org.codehaus.groovy.runtime.callsite.PogoGetPropertySite.getProperty(PogoGetPropertySite.java:49)
	at org.codehaus.groovy.runtime.callsite.AbstractCallSite.callGroovyObjectGetProperty(AbstractCallSite.java:231)
	at Randy$_runUserScript_closure1_closure2.doCall(Randy.groovy:29)
	at sun.reflect.NativeMethodAccessorImpl.invoke0(Native Method)
	at sun.reflect.NativeMethodAccessorImpl.invoke(NativeMethodAccessorImpl.java:57)
	at sun.reflect.DelegatingMethodAccessorImpl.invoke(DelegatingMethodAccessorImpl.java:43)
	at java.lang.reflect.Method.invoke(Method.java:606)
	at org.codehaus.groovy.reflection.CachedMethod.invoke(CachedMethod.java:90)
	at groovy.lang.MetaMethod.doMethodInvoke(MetaMethod.java:324)
	at org.codehaus.groovy.runtime.metaclass.ClosureMetaClass.invokeMethod(ClosureMetaClass.java:292)
	at groovy.lang.MetaClassImpl.invokeMethod(MetaClassImpl.java:1015)
	at org.codehaus.groovy.runtime.callsite.PogoMetaClassSite.call(PogoMetaClassSite.java:39)
	at org.codehaus.groovy.runtime.callsite.CallSiteArray.defaultCall(CallSiteArray.java:45)
	at org.codehaus.groovy.runtime.callsite.AbstractCallSite.call(AbstractCallSite.java:108)
	at org.codehaus.groovy.runtime.callsite.AbstractCallSite.call(AbstractCallSite.java:120)
	at ci.io.DataReader.summary(DataReader.groovy:101)
	at ci.io.DataReader$summary.call(Unknown Source)
	at org.codehaus.groovy.runtime.callsite.CallSiteArray.defaultCall(CallSiteArray.java:45)
	at org.codehaus.groovy.runtime.callsite.AbstractCallSite.call(AbstractCallSite.java:108)
	at org.codehaus.groovy.runtime.callsite.AbstractCallSite.call(AbstractCallSite.java:120)
	at Randy$_runUserScript_closure1.doCall(Randy.groovy:27)
	at sun.reflect.NativeMethodAccessorImpl.invoke0(Native Method)
	at sun.reflect.NativeMethodAccessorImpl.invoke(NativeMethodAccessorImpl.java:57)
	at sun.reflect.DelegatingMethodAccessorImpl.invoke(DelegatingMethodAccessorImpl.java:43)
	at java.lang.reflect.Method.invoke(Method.java:606)
	at org.codehaus.groovy.reflection.CachedMethod.invoke(CachedMethod.java:90)
	at groovy.lang.MetaMethod.doMethodInvoke(MetaMethod.java:324)
	at org.codehaus.groovy.runtime.metaclass.ClosureMetaClass.invokeMethod(ClosureMetaClass.java:292)
	at groovy.lang.MetaClassImpl.invokeMethod(MetaClassImpl.java:1015)
	at groovy.lang.Closure.call(Closure.java:423)
	at groovy.lang.Closure.call(Closure.java:439)
	at org.codehaus.groovy.runtime.ResourceGroovyMethods.eachFileMatch(ResourceGroovyMethods.java:1390)
	at org.codehaus.groovy.runtime.dgm$793.invoke(Unknown Source)
	at org.codehaus.groovy.runtime.callsite.PojoMetaMethodSite$PojoMetaMethodSiteNoUnwrapNoCoerce.invoke(PojoMetaMethodSite.java:271)
	at org.codehaus.groovy.runtime.callsite.PojoMetaMethodSite.call(PojoMetaMethodSite.java:53)
	at org.codehaus.groovy.runtime.callsite.CallSiteArray.defaultCall(CallSiteArray.java:45)
	at org.codehaus.groovy.runtime.callsite.AbstractCallSite.call(AbstractCallSite.java:108)
	at org.codehaus.groovy.runtime.callsite.AbstractCallSite.call(AbstractCallSite.java:124)
	at Randy.runUserScript(Randy.groovy:24)
	at hds.groovy.ScriptWrapper.run(ScriptWrapper.groovy:27)
	at groovy.lang.GroovyShell.runScriptOrMainOrTestOrRunnable(GroovyShell.java:258)
	at groovy.lang.GroovyShell.run(GroovyShell.java:502)
	at groovy.lang.GroovyShell.run(GroovyShell.java:491)
	at groovy.ui.GroovyMain.processOnce(GroovyMain.java:650)
	at groovy.ui.GroovyMain.run(GroovyMain.java:381)
	at groovy.ui.GroovyMain.process(GroovyMain.java:367)
	at groovy.ui.GroovyMain.processArgs(GroovyMain.java:126)
	at groovy.ui.GroovyMain.main(GroovyMain.java:106)
	at sun.reflect.NativeMethodAccessorImpl.invoke0(Native Method)
	at sun.reflect.NativeMethodAccessorImpl.invoke(NativeMethodAccessorImpl.java:57)
	at sun.reflect.DelegatingMethodAccessorImpl.invoke(DelegatingMethodAccessorImpl.java:43)
	at java.lang.reflect.Method.invoke(Method.java:606)
	at org.codehaus.groovy.tools.GroovyStarter.rootLoader(GroovyStarter.java:106)
	at org.codehaus.groovy.tools.GroovyStarter.main(GroovyStarter.java:128)

2015-09-18 12:30:20,571 INFO  ScriptTools - end [0.986 seconds]
2015-09-18 12:31:09,212 INFO  ScriptTools - begin
2015-09-18 12:31:09,221 INFO  ScriptTools - cli options [verbose = false, debug = false, test = false, help = false]
2015-09-18 12:31:09,646 FATAL ScriptTools - groovy.lang.MissingMethodException: No signature of method: java.io.BufferedOutputStream.write() is applicable for argument types: (java.lang.String) values: [Property#,Account#,Date,Invoice#,PO#,Part#,Description,Price,Quantity,Amount,GLCode,PurchBy
]
Possible solutions: write([B), write(int), write([B), write(int), write(int), wait()
	at org.codehaus.groovy.runtime.ScriptBytecodeAdapter.unwrap(ScriptBytecodeAdapter.java:56)
	at org.codehaus.groovy.runtime.callsite.PojoMetaClassSite.call(PojoMetaClassSite.java:46)
	at org.codehaus.groovy.runtime.callsite.CallSiteArray.defaultCall(CallSiteArray.java:45)
	at org.codehaus.groovy.runtime.callsite.AbstractCallSite.call(AbstractCallSite.java:108)
	at org.codehaus.groovy.runtime.callsite.AbstractCallSite.call(AbstractCallSite.java:116)
	at ci.io.DataWriter$_writeGroup_closure4.doCall(DataWriter.groovy:62)
	at sun.reflect.NativeMethodAccessorImpl.invoke0(Native Method)
	at sun.reflect.NativeMethodAccessorImpl.invoke(NativeMethodAccessorImpl.java:57)
	at sun.reflect.DelegatingMethodAccessorImpl.invoke(DelegatingMethodAccessorImpl.java:43)
	at java.lang.reflect.Method.invoke(Method.java:606)
	at org.codehaus.groovy.reflection.CachedMethod.invoke(CachedMethod.java:90)
	at groovy.lang.MetaMethod.doMethodInvoke(MetaMethod.java:324)
	at org.codehaus.groovy.runtime.metaclass.ClosureMetaClass.invokeMethod(ClosureMetaClass.java:292)
	at groovy.lang.MetaClassImpl.invokeMethod(MetaClassImpl.java:1015)
	at groovy.lang.Closure.call(Closure.java:423)
	at groovy.lang.Closure.call(Closure.java:439)
	at org.codehaus.groovy.runtime.DefaultGroovyMethods.each(DefaultGroovyMethods.java:1379)
	at org.codehaus.groovy.runtime.DefaultGroovyMethods.each(DefaultGroovyMethods.java:1372)
	at org.codehaus.groovy.runtime.dgm$149.invoke(Unknown Source)
	at org.codehaus.groovy.runtime.callsite.PojoMetaMethodSite$PojoMetaMethodSiteNoUnwrapNoCoerce.invoke(PojoMetaMethodSite.java:271)
	at org.codehaus.groovy.runtime.callsite.PojoMetaMethodSite.call(PojoMetaMethodSite.java:53)
	at org.codehaus.groovy.runtime.callsite.CallSiteArray.defaultCall(CallSiteArray.java:45)
	at org.codehaus.groovy.runtime.callsite.AbstractCallSite.call(AbstractCallSite.java:108)
	at org.codehaus.groovy.runtime.callsite.AbstractCallSite.call(AbstractCallSite.java:116)
	at ci.io.DataWriter.writeGroup(DataWriter.groovy:48)
	at ci.io.DataWriter$writeGroup$0.callCurrent(Unknown Source)
	at org.codehaus.groovy.runtime.callsite.CallSiteArray.defaultCallCurrent(CallSiteArray.java:49)
	at org.codehaus.groovy.runtime.callsite.AbstractCallSite.callCurrent(AbstractCallSite.java:133)
	at org.codehaus.groovy.runtime.callsite.AbstractCallSite.callCurrent(AbstractCallSite.java:145)
	at ci.io.DataWriter.write_header(DataWriter.groovy:20)
	at ci.io.DataWriter$write_header.call(Unknown Source)
	at org.codehaus.groovy.runtime.callsite.CallSiteArray.defaultCall(CallSiteArray.java:45)
	at org.codehaus.groovy.runtime.callsite.AbstractCallSite.call(AbstractCallSite.java:108)
	at org.codehaus.groovy.runtime.callsite.AbstractCallSite.call(AbstractCallSite.java:112)
	at Randy$_runUserScript_closure1_closure2.doCall(Randy.groovy:31)
	at sun.reflect.NativeMethodAccessorImpl.invoke0(Native Method)
	at sun.reflect.NativeMethodAccessorImpl.invoke(NativeMethodAccessorImpl.java:57)
	at sun.reflect.DelegatingMethodAccessorImpl.invoke(DelegatingMethodAccessorImpl.java:43)
	at java.lang.reflect.Method.invoke(Method.java:606)
	at org.codehaus.groovy.reflection.CachedMethod.invoke(CachedMethod.java:90)
	at groovy.lang.MetaMethod.doMethodInvoke(MetaMethod.java:324)
	at org.codehaus.groovy.runtime.metaclass.ClosureMetaClass.invokeMethod(ClosureMetaClass.java:292)
	at groovy.lang.MetaClassImpl.invokeMethod(MetaClassImpl.java:1015)
	at org.codehaus.groovy.runtime.callsite.PogoMetaClassSite.call(PogoMetaClassSite.java:39)
	at org.codehaus.groovy.runtime.callsite.CallSiteArray.defaultCall(CallSiteArray.java:45)
	at org.codehaus.groovy.runtime.callsite.AbstractCallSite.call(AbstractCallSite.java:108)
	at org.codehaus.groovy.runtime.callsite.AbstractCallSite.call(AbstractCallSite.java:120)
	at ci.io.DataReader.summary(DataReader.groovy:101)
	at ci.io.DataReader$summary.call(Unknown Source)
	at org.codehaus.groovy.runtime.callsite.CallSiteArray.defaultCall(CallSiteArray.java:45)
	at org.codehaus.groovy.runtime.callsite.AbstractCallSite.call(AbstractCallSite.java:108)
	at org.codehaus.groovy.runtime.callsite.AbstractCallSite.call(AbstractCallSite.java:120)
	at Randy$_runUserScript_closure1.doCall(Randy.groovy:27)
	at sun.reflect.NativeMethodAccessorImpl.invoke0(Native Method)
	at sun.reflect.NativeMethodAccessorImpl.invoke(NativeMethodAccessorImpl.java:57)
	at sun.reflect.DelegatingMethodAccessorImpl.invoke(DelegatingMethodAccessorImpl.java:43)
	at java.lang.reflect.Method.invoke(Method.java:606)
	at org.codehaus.groovy.reflection.CachedMethod.invoke(CachedMethod.java:90)
	at groovy.lang.MetaMethod.doMethodInvoke(MetaMethod.java:324)
	at org.codehaus.groovy.runtime.metaclass.ClosureMetaClass.invokeMethod(ClosureMetaClass.java:292)
	at groovy.lang.MetaClassImpl.invokeMethod(MetaClassImpl.java:1015)
	at groovy.lang.Closure.call(Closure.java:423)
	at groovy.lang.Closure.call(Closure.java:439)
	at org.codehaus.groovy.runtime.ResourceGroovyMethods.eachFileMatch(ResourceGroovyMethods.java:1390)
	at org.codehaus.groovy.runtime.dgm$793.invoke(Unknown Source)
	at org.codehaus.groovy.runtime.callsite.PojoMetaMethodSite$PojoMetaMethodSiteNoUnwrapNoCoerce.invoke(PojoMetaMethodSite.java:271)
	at org.codehaus.groovy.runtime.callsite.PojoMetaMethodSite.call(PojoMetaMethodSite.java:53)
	at org.codehaus.groovy.runtime.callsite.CallSiteArray.defaultCall(CallSiteArray.java:45)
	at org.codehaus.groovy.runtime.callsite.AbstractCallSite.call(AbstractCallSite.java:108)
	at org.codehaus.groovy.runtime.callsite.AbstractCallSite.call(AbstractCallSite.java:124)
	at Randy.runUserScript(Randy.groovy:24)
	at hds.groovy.ScriptWrapper.run(ScriptWrapper.groovy:27)
	at groovy.lang.GroovyShell.runScriptOrMainOrTestOrRunnable(GroovyShell.java:258)
	at groovy.lang.GroovyShell.run(GroovyShell.java:502)
	at groovy.lang.GroovyShell.run(GroovyShell.java:491)
	at groovy.ui.GroovyMain.processOnce(GroovyMain.java:650)
	at groovy.ui.GroovyMain.run(GroovyMain.java:381)
	at groovy.ui.GroovyMain.process(GroovyMain.java:367)
	at groovy.ui.GroovyMain.processArgs(GroovyMain.java:126)
	at groovy.ui.GroovyMain.main(GroovyMain.java:106)
	at sun.reflect.NativeMethodAccessorImpl.invoke0(Native Method)
	at sun.reflect.NativeMethodAccessorImpl.invoke(NativeMethodAccessorImpl.java:57)
	at sun.reflect.DelegatingMethodAccessorImpl.invoke(DelegatingMethodAccessorImpl.java:43)
	at java.lang.reflect.Method.invoke(Method.java:606)
	at org.codehaus.groovy.tools.GroovyStarter.rootLoader(GroovyStarter.java:106)
	at org.codehaus.groovy.tools.GroovyStarter.main(GroovyStarter.java:128)

2015-09-18 12:31:09,664 INFO  ScriptTools - end [1.081 seconds]
2015-09-18 12:31:47,252 INFO  ScriptTools - begin
2015-09-18 12:31:47,262 INFO  ScriptTools - script.args [-v]
2015-09-18 12:31:47,262 INFO  ScriptTools - cli options [verbose = true, debug = false, test = false, help = false]
2015-09-18 12:31:47,691 FATAL ScriptTools - groovy.lang.MissingMethodException: No signature of method: java.io.BufferedOutputStream.write() is applicable for argument types: (java.lang.String) values: [Property#,Account#,Date,Invoice#,PO#,Part#,Description,Price,Quantity,Amount,GLCode,PurchBy
]
Possible solutions: write([B), write(int), write([B), write(int), write(int), wait()
	at org.codehaus.groovy.runtime.ScriptBytecodeAdapter.unwrap(ScriptBytecodeAdapter.java:56)
	at org.codehaus.groovy.runtime.callsite.PojoMetaClassSite.call(PojoMetaClassSite.java:46)
	at org.codehaus.groovy.runtime.callsite.CallSiteArray.defaultCall(CallSiteArray.java:45)
	at org.codehaus.groovy.runtime.callsite.AbstractCallSite.call(AbstractCallSite.java:108)
	at org.codehaus.groovy.runtime.callsite.AbstractCallSite.call(AbstractCallSite.java:116)
	at ci.io.DataWriter$_writeGroup_closure4.doCall(DataWriter.groovy:62)
	at sun.reflect.NativeMethodAccessorImpl.invoke0(Native Method)
	at sun.reflect.NativeMethodAccessorImpl.invoke(NativeMethodAccessorImpl.java:57)
	at sun.reflect.DelegatingMethodAccessorImpl.invoke(DelegatingMethodAccessorImpl.java:43)
	at java.lang.reflect.Method.invoke(Method.java:606)
	at org.codehaus.groovy.reflection.CachedMethod.invoke(CachedMethod.java:90)
	at groovy.lang.MetaMethod.doMethodInvoke(MetaMethod.java:324)
	at org.codehaus.groovy.runtime.metaclass.ClosureMetaClass.invokeMethod(ClosureMetaClass.java:292)
	at groovy.lang.MetaClassImpl.invokeMethod(MetaClassImpl.java:1015)
	at groovy.lang.Closure.call(Closure.java:423)
	at groovy.lang.Closure.call(Closure.java:439)
	at org.codehaus.groovy.runtime.DefaultGroovyMethods.each(DefaultGroovyMethods.java:1379)
	at org.codehaus.groovy.runtime.DefaultGroovyMethods.each(DefaultGroovyMethods.java:1372)
	at org.codehaus.groovy.runtime.dgm$149.invoke(Unknown Source)
	at org.codehaus.groovy.runtime.callsite.PojoMetaMethodSite$PojoMetaMethodSiteNoUnwrapNoCoerce.invoke(PojoMetaMethodSite.java:271)
	at org.codehaus.groovy.runtime.callsite.PojoMetaMethodSite.call(PojoMetaMethodSite.java:53)
	at org.codehaus.groovy.runtime.callsite.CallSiteArray.defaultCall(CallSiteArray.java:45)
	at org.codehaus.groovy.runtime.callsite.AbstractCallSite.call(AbstractCallSite.java:108)
	at org.codehaus.groovy.runtime.callsite.AbstractCallSite.call(AbstractCallSite.java:116)
	at ci.io.DataWriter.writeGroup(DataWriter.groovy:48)
	at ci.io.DataWriter$writeGroup$0.callCurrent(Unknown Source)
	at org.codehaus.groovy.runtime.callsite.CallSiteArray.defaultCallCurrent(CallSiteArray.java:49)
	at org.codehaus.groovy.runtime.callsite.AbstractCallSite.callCurrent(AbstractCallSite.java:133)
	at org.codehaus.groovy.runtime.callsite.AbstractCallSite.callCurrent(AbstractCallSite.java:145)
	at ci.io.DataWriter.write_header(DataWriter.groovy:20)
	at ci.io.DataWriter$write_header.call(Unknown Source)
	at org.codehaus.groovy.runtime.callsite.CallSiteArray.defaultCall(CallSiteArray.java:45)
	at org.codehaus.groovy.runtime.callsite.AbstractCallSite.call(AbstractCallSite.java:108)
	at org.codehaus.groovy.runtime.callsite.AbstractCallSite.call(AbstractCallSite.java:112)
	at Randy$_runUserScript_closure1_closure2.doCall(Randy.groovy:31)
	at sun.reflect.NativeMethodAccessorImpl.invoke0(Native Method)
	at sun.reflect.NativeMethodAccessorImpl.invoke(NativeMethodAccessorImpl.java:57)
	at sun.reflect.DelegatingMethodAccessorImpl.invoke(DelegatingMethodAccessorImpl.java:43)
	at java.lang.reflect.Method.invoke(Method.java:606)
	at org.codehaus.groovy.reflection.CachedMethod.invoke(CachedMethod.java:90)
	at groovy.lang.MetaMethod.doMethodInvoke(MetaMethod.java:324)
	at org.codehaus.groovy.runtime.metaclass.ClosureMetaClass.invokeMethod(ClosureMetaClass.java:292)
	at groovy.lang.MetaClassImpl.invokeMethod(MetaClassImpl.java:1015)
	at org.codehaus.groovy.runtime.callsite.PogoMetaClassSite.call(PogoMetaClassSite.java:39)
	at org.codehaus.groovy.runtime.callsite.CallSiteArray.defaultCall(CallSiteArray.java:45)
	at org.codehaus.groovy.runtime.callsite.AbstractCallSite.call(AbstractCallSite.java:108)
	at org.codehaus.groovy.runtime.callsite.AbstractCallSite.call(AbstractCallSite.java:120)
	at ci.io.DataReader.summary(DataReader.groovy:101)
	at ci.io.DataReader$summary.call(Unknown Source)
	at org.codehaus.groovy.runtime.callsite.CallSiteArray.defaultCall(CallSiteArray.java:45)
	at org.codehaus.groovy.runtime.callsite.AbstractCallSite.call(AbstractCallSite.java:108)
	at org.codehaus.groovy.runtime.callsite.AbstractCallSite.call(AbstractCallSite.java:120)
	at Randy$_runUserScript_closure1.doCall(Randy.groovy:27)
	at sun.reflect.NativeMethodAccessorImpl.invoke0(Native Method)
	at sun.reflect.NativeMethodAccessorImpl.invoke(NativeMethodAccessorImpl.java:57)
	at sun.reflect.DelegatingMethodAccessorImpl.invoke(DelegatingMethodAccessorImpl.java:43)
	at java.lang.reflect.Method.invoke(Method.java:606)
	at org.codehaus.groovy.reflection.CachedMethod.invoke(CachedMethod.java:90)
	at groovy.lang.MetaMethod.doMethodInvoke(MetaMethod.java:324)
	at org.codehaus.groovy.runtime.metaclass.ClosureMetaClass.invokeMethod(ClosureMetaClass.java:292)
	at groovy.lang.MetaClassImpl.invokeMethod(MetaClassImpl.java:1015)
	at groovy.lang.Closure.call(Closure.java:423)
	at groovy.lang.Closure.call(Closure.java:439)
	at org.codehaus.groovy.runtime.ResourceGroovyMethods.eachFileMatch(ResourceGroovyMethods.java:1390)
	at org.codehaus.groovy.runtime.dgm$793.invoke(Unknown Source)
	at org.codehaus.groovy.runtime.callsite.PojoMetaMethodSite$PojoMetaMethodSiteNoUnwrapNoCoerce.invoke(PojoMetaMethodSite.java:271)
	at org.codehaus.groovy.runtime.callsite.PojoMetaMethodSite.call(PojoMetaMethodSite.java:53)
	at org.codehaus.groovy.runtime.callsite.CallSiteArray.defaultCall(CallSiteArray.java:45)
	at org.codehaus.groovy.runtime.callsite.AbstractCallSite.call(AbstractCallSite.java:108)
	at org.codehaus.groovy.runtime.callsite.AbstractCallSite.call(AbstractCallSite.java:124)
	at Randy.runUserScript(Randy.groovy:24)
	at hds.groovy.ScriptWrapper.run(ScriptWrapper.groovy:27)
	at groovy.lang.GroovyShell.runScriptOrMainOrTestOrRunnable(GroovyShell.java:258)
	at groovy.lang.GroovyShell.run(GroovyShell.java:502)
	at groovy.lang.GroovyShell.run(GroovyShell.java:491)
	at groovy.ui.GroovyMain.processOnce(GroovyMain.java:650)
	at groovy.ui.GroovyMain.run(GroovyMain.java:381)
	at groovy.ui.GroovyMain.process(GroovyMain.java:367)
	at groovy.ui.GroovyMain.processArgs(GroovyMain.java:126)
	at groovy.ui.GroovyMain.main(GroovyMain.java:106)
	at sun.reflect.NativeMethodAccessorImpl.invoke0(Native Method)
	at sun.reflect.NativeMethodAccessorImpl.invoke(NativeMethodAccessorImpl.java:57)
	at sun.reflect.DelegatingMethodAccessorImpl.invoke(DelegatingMethodAccessorImpl.java:43)
	at java.lang.reflect.Method.invoke(Method.java:606)
	at org.codehaus.groovy.tools.GroovyStarter.rootLoader(GroovyStarter.java:106)
	at org.codehaus.groovy.tools.GroovyStarter.main(GroovyStarter.java:128)

2015-09-18 12:31:47,720 INFO  ScriptTools - end [1.069 seconds]
2015-09-18 12:32:34,963 INFO  ScriptTools - begin
2015-09-18 12:32:34,977 INFO  ScriptTools - script.args [-v]
2015-09-18 12:32:34,977 INFO  ScriptTools - cli options [verbose = true, debug = false, test = false, help = false]
2015-09-18 12:32:35,585 INFO  ScriptTools - end [1.196 seconds]
2015-09-18 12:32:54,531 INFO  ScriptTools - begin
2015-09-18 12:32:54,541 INFO  ScriptTools - script.args [-v]
2015-09-18 12:32:54,541 INFO  ScriptTools - cli options [verbose = true, debug = false, test = false, help = false]
2015-09-18 12:32:55,089 INFO  ScriptTools - end [1.173 seconds]
2015-09-18 12:34:45,340 INFO  ScriptTools - begin
2015-09-18 12:34:45,351 INFO  ScriptTools - script.args [-v]
2015-09-18 12:34:45,351 INFO  ScriptTools - cli options [verbose = true, debug = false, test = false, help = false]
2015-09-18 12:34:45,879 INFO  ScriptTools - end [1.145 seconds]
2015-09-18 12:35:57,129 INFO  ScriptTools - begin
2015-09-18 12:35:57,136 INFO  ScriptTools - script.args [-v]
2015-09-18 12:35:57,136 INFO  ScriptTools - cli options [verbose = true, debug = false, test = false, help = false]
2015-09-18 12:35:57,703 INFO  ScriptTools - end [1.221 seconds]
2015-09-18 12:38:24,524 INFO  ScriptTools - begin
2015-09-18 12:38:24,538 INFO  ScriptTools - script.args [-v]
2015-09-18 12:38:24,538 INFO  ScriptTools - cli options [verbose = true, debug = false, test = false, help = false]
2015-09-18 12:38:25,064 INFO  ScriptTools - end [1.142 seconds]
2015-09-18 13:12:28,861 INFO  ScriptTools - begin
2015-09-18 13:12:28,869 INFO  ScriptTools - script.args [-v]
2015-09-18 13:12:28,869 INFO  ScriptTools - cli options [verbose = true, debug = false, test = false, help = false]
2015-09-18 13:12:29,446 INFO  ScriptTools - end [1.184 seconds]
